2025-06-29 21:05:17.579 [info] [main] Log level: Info
2025-06-29 21:05:17.579 [info] [main] Validating found git in: "git"
2025-06-29 21:05:17.579 [info] [main] Using git "2.50.0" from "git"
2025-06-29 21:05:17.579 [info] [Model][doInitialScan] Initial repository scan started
2025-06-29 21:05:17.579 [info] > git rev-parse --show-toplevel [6ms]
2025-06-29 21:05:17.579 [info] fatal: not a git repository (or any of the parent directories): .git
2025-06-29 21:05:17.579 [info] > git rev-parse --show-toplevel [1ms]
2025-06-29 21:05:17.579 [info] fatal: not a git repository (or any of the parent directories): .git
2025-06-29 21:05:17.579 [info] > git rev-parse --show-toplevel [10ms]
2025-06-29 21:05:17.579 [info] fatal: not a git repository (or any of the parent directories): .git
2025-06-29 21:05:17.579 [info] > git rev-parse --show-toplevel [1ms]
2025-06-29 21:05:17.579 [info] fatal: not a git repository (or any of the parent directories): .git
2025-06-29 21:05:17.579 [info] > git rev-parse --show-toplevel [1ms]
2025-06-29 21:05:17.579 [info] fatal: not a git repository (or any of the parent directories): .git
2025-06-29 21:05:17.579 [info] > git rev-parse --show-toplevel [1ms]
2025-06-29 21:05:17.579 [info] fatal: not a git repository (or any of the parent directories): .git
2025-06-29 21:05:17.579 [info] > git rev-parse --show-toplevel [1ms]
2025-06-29 21:05:17.579 [info] fatal: not a git repository (or any of the parent directories): .git
2025-06-29 21:05:17.579 [info] > git rev-parse --show-toplevel [1ms]
2025-06-29 21:05:17.579 [info] fatal: not a git repository (or any of the parent directories): .git
2025-06-29 21:05:17.590 [info] > git rev-parse --show-toplevel [7ms]
2025-06-29 21:05:17.590 [info] fatal: not a git repository (or any of the parent directories): .git
2025-06-29 21:05:17.594 [info] > git rev-parse --show-toplevel [1ms]
2025-06-29 21:05:17.594 [info] fatal: not a git repository (or any of the parent directories): .git
2025-06-29 21:05:17.601 [info] > git rev-parse --show-toplevel [2ms]
2025-06-29 21:05:17.601 [info] fatal: not a git repository (or any of the parent directories): .git
2025-06-29 21:05:17.633 [info] > git rev-parse --show-toplevel [28ms]
2025-06-29 21:05:17.633 [info] fatal: not a git repository (or any of the parent directories): .git
2025-06-29 21:05:17.643 [info] > git rev-parse --show-toplevel [2ms]
2025-06-29 21:05:17.643 [info] fatal: not a git repository (or any of the parent directories): .git
2025-06-29 21:05:17.648 [info] > git rev-parse --show-toplevel [1ms]
2025-06-29 21:05:17.648 [info] fatal: not a git repository (or any of the parent directories): .git
2025-06-29 21:05:17.653 [info] > git rev-parse --show-toplevel [0ms]
2025-06-29 21:05:17.653 [info] fatal: not a git repository (or any of the parent directories): .git
2025-06-29 21:05:17.658 [info] > git rev-parse --show-toplevel [1ms]
2025-06-29 21:05:17.658 [info] fatal: not a git repository (or any of the parent directories): .git
2025-06-29 21:05:17.810 [info] > git rev-parse --show-toplevel [146ms]
2025-06-29 21:05:17.810 [info] fatal: not a git repository (or any of the parent directories): .git
2025-06-29 21:05:17.833 [info] > git rev-parse --show-toplevel [2ms]
2025-06-29 21:05:17.833 [info] fatal: not a git repository (or any of the parent directories): .git
2025-06-29 21:05:17.859 [info] > git rev-parse --show-toplevel [21ms]
2025-06-29 21:05:17.859 [info] fatal: not a git repository (or any of the parent directories): .git
2025-06-29 21:05:17.866 [info] > git rev-parse --show-toplevel [1ms]
2025-06-29 21:05:17.866 [info] fatal: not a git repository (or any of the parent directories): .git
2025-06-29 21:05:17.870 [info] > git rev-parse --show-toplevel [1ms]
2025-06-29 21:05:17.870 [info] fatal: not a git repository (or any of the parent directories): .git
2025-06-29 21:05:17.871 [info] [Model][doInitialScan] Initial repository scan completed - repositories (0), closed repositories (0), parent repositories (0), unsafe repositories (0)
2025-06-29 21:05:17.875 [info] > git rev-parse --show-toplevel [1ms]
2025-06-29 21:05:17.875 [info] fatal: not a git repository (or any of the parent directories): .git
2025-06-29 21:05:18.867 [info] > git rev-parse --show-toplevel [1ms]
2025-06-29 21:05:18.867 [info] fatal: not a git repository (or any of the parent directories): .git
2025-06-29 21:05:30.150 [info] > git rev-parse --show-toplevel [1ms]
2025-06-29 21:05:30.150 [info] fatal: not a git repository (or any of the parent directories): .git
2025-06-29 21:05:32.079 [info] > git rev-parse --show-toplevel [1ms]
2025-06-29 21:05:32.079 [info] fatal: not a git repository (or any of the parent directories): .git
2025-06-29 21:05:33.112 [info] > git rev-parse --show-toplevel [2ms]
2025-06-29 21:05:33.112 [info] fatal: not a git repository (or any of the parent directories): .git
2025-06-29 21:05:36.029 [info] > git rev-parse --show-toplevel [1ms]
2025-06-29 21:05:36.029 [info] fatal: not a git repository (or any of the parent directories): .git
2025-06-29 21:07:00.683 [info] > git rev-parse --show-toplevel [1ms]
2025-06-29 21:07:00.683 [info] fatal: not a git repository (or any of the parent directories): .git
2025-06-29 21:07:02.235 [info] > git rev-parse --show-toplevel [2ms]
2025-06-29 21:07:02.235 [info] fatal: not a git repository (or any of the parent directories): .git
2025-06-29 21:19:15.816 [info] > git rev-parse --show-toplevel [1ms]
2025-06-29 21:19:15.816 [info] fatal: not a git repository (or any of the parent directories): .git
2025-06-29 21:19:19.018 [info] > git rev-parse --show-toplevel [2ms]
2025-06-29 21:19:19.018 [info] fatal: not a git repository (or any of the parent directories): .git
2025-06-29 21:19:20.910 [info] > git rev-parse --show-toplevel [2ms]
2025-06-29 21:19:20.910 [info] fatal: not a git repository (or any of the parent directories): .git
2025-06-29 21:19:23.848 [info] > git rev-parse --show-toplevel [1ms]
2025-06-29 21:19:23.848 [info] fatal: not a git repository (or any of the parent directories): .git
2025-06-29 21:19:27.262 [info] > git rev-parse --show-toplevel [3ms]
2025-06-29 21:19:27.262 [info] fatal: not a git repository (or any of the parent directories): .git
2025-06-29 21:19:30.107 [info] > git rev-parse --show-toplevel [2ms]
2025-06-29 21:19:30.107 [info] fatal: not a git repository (or any of the parent directories): .git
2025-06-29 21:19:30.675 [info] > git rev-parse --show-toplevel [1ms]
2025-06-29 21:19:30.676 [info] fatal: not a git repository (or any of the parent directories): .git
2025-06-29 21:19:32.761 [info] > git rev-parse --show-toplevel [3ms]
2025-06-29 21:19:32.761 [info] fatal: not a git repository (or any of the parent directories): .git
2025-06-29 21:19:35.524 [info] > git rev-parse --show-toplevel [1ms]
2025-06-29 21:19:35.524 [info] fatal: not a git repository (or any of the parent directories): .git
