2025-07-14 20:28:43.759 [info] [main] Log level: Info
2025-07-14 20:28:43.759 [info] [main] Validating found git in: "git"
2025-07-14 20:28:43.759 [info] [main] Using git "2.50.0" from "git"
2025-07-14 20:28:43.759 [info] [Model][doInitialScan] Initial repository scan started
2025-07-14 20:28:43.759 [info] [Model][doInitialScan] Initial repository scan completed - repositories (0), closed repositories (0), parent repositories (0), unsafe repositories (0)
2025-07-14 20:28:52.839 [info] [main] Log level: Info
2025-07-14 20:28:52.839 [info] [main] Validating found git in: "git"
2025-07-14 20:28:52.839 [info] [main] Using git "2.50.0" from "git"
2025-07-14 20:28:52.839 [info] [Model][doInitialScan] Initial repository scan started
2025-07-14 20:28:52.839 [info] > git rev-parse --show-toplevel [10ms]
2025-07-14 20:28:52.839 [info] fatal: not a git repository (or any of the parent directories): .git
2025-07-14 20:28:52.846 [info] > git rev-parse --show-toplevel [1ms]
2025-07-14 20:28:52.846 [info] fatal: not a git repository (or any of the parent directories): .git
2025-07-14 20:28:52.852 [info] > git rev-parse --show-toplevel [2ms]
2025-07-14 20:28:52.852 [info] fatal: not a git repository (or any of the parent directories): .git
2025-07-14 20:28:52.852 [info] [Model][doInitialScan] Initial repository scan completed - repositories (0), closed repositories (0), parent repositories (0), unsafe repositories (0)
2025-07-14 20:28:54.103 [info] > git rev-parse --show-toplevel [1ms]
2025-07-14 20:28:54.103 [info] fatal: not a git repository (or any of the parent directories): .git
2025-07-14 20:28:55.351 [info] > git rev-parse --show-toplevel [1ms]
2025-07-14 20:28:55.351 [info] fatal: not a git repository (or any of the parent directories): .git
2025-07-14 20:31:14.461 [info] > git rev-parse --show-toplevel [2ms]
2025-07-14 20:31:14.461 [info] fatal: not a git repository (or any of the parent directories): .git
