2025-06-29 18:24:57.776 [info] [main] Log level: Info
2025-06-29 18:24:57.776 [info] [main] Validating found git in: "git"
2025-06-29 18:24:57.776 [info] [main] Using git "2.50.0" from "git"
2025-06-29 18:24:57.776 [info] [Model][doInitialScan] Initial repository scan started
2025-06-29 18:24:57.776 [info] > git rev-parse --show-toplevel [20ms]
2025-06-29 18:24:57.776 [info] fatal: not a git repository (or any of the parent directories): .git
2025-06-29 18:24:57.776 [info] > git rev-parse --show-toplevel [1ms]
2025-06-29 18:24:57.776 [info] fatal: not a git repository (or any of the parent directories): .git
2025-06-29 18:24:57.776 [info] > git rev-parse --show-toplevel [2ms]
2025-06-29 18:24:57.776 [info] fatal: not a git repository (or any of the parent directories): .git
2025-06-29 18:24:57.776 [info] > git rev-parse --show-toplevel [2ms]
2025-06-29 18:24:57.776 [info] fatal: not a git repository (or any of the parent directories): .git
2025-06-29 18:24:57.776 [info] > git rev-parse --show-toplevel [2ms]
2025-06-29 18:24:57.776 [info] fatal: not a git repository (or any of the parent directories): .git
2025-06-29 18:24:57.776 [info] > git rev-parse --show-toplevel [165ms]
2025-06-29 18:24:57.776 [info] fatal: not a git repository (or any of the parent directories): .git
2025-06-29 18:24:57.776 [info] > git rev-parse --show-toplevel [8ms]
2025-06-29 18:24:57.776 [info] fatal: not a git repository (or any of the parent directories): .git
2025-06-29 18:24:57.799 [info] > git rev-parse --show-toplevel [18ms]
2025-06-29 18:24:57.799 [info] fatal: not a git repository (or any of the parent directories): .git
2025-06-29 18:24:57.818 [info] > git rev-parse --show-toplevel [2ms]
2025-06-29 18:24:57.818 [info] fatal: not a git repository (or any of the parent directories): .git
2025-06-29 18:24:57.825 [info] > git rev-parse --show-toplevel [1ms]
2025-06-29 18:24:57.825 [info] fatal: not a git repository (or any of the parent directories): .git
2025-06-29 18:24:57.831 [info] > git rev-parse --show-toplevel [1ms]
2025-06-29 18:24:57.831 [info] fatal: not a git repository (or any of the parent directories): .git
2025-06-29 18:24:57.836 [info] > git rev-parse --show-toplevel [1ms]
2025-06-29 18:24:57.836 [info] fatal: not a git repository (or any of the parent directories): .git
2025-06-29 18:24:57.841 [info] > git rev-parse --show-toplevel [1ms]
2025-06-29 18:24:57.841 [info] fatal: not a git repository (or any of the parent directories): .git
2025-06-29 18:24:57.846 [info] > git rev-parse --show-toplevel [1ms]
2025-06-29 18:24:57.846 [info] fatal: not a git repository (or any of the parent directories): .git
2025-06-29 18:24:57.852 [info] > git rev-parse --show-toplevel [2ms]
2025-06-29 18:24:57.852 [info] fatal: not a git repository (or any of the parent directories): .git
2025-06-29 18:24:57.859 [info] > git rev-parse --show-toplevel [1ms]
2025-06-29 18:24:57.859 [info] fatal: not a git repository (or any of the parent directories): .git
2025-06-29 18:24:57.864 [info] > git rev-parse --show-toplevel [1ms]
2025-06-29 18:24:57.864 [info] fatal: not a git repository (or any of the parent directories): .git
2025-06-29 18:24:57.870 [info] > git rev-parse --show-toplevel [2ms]
2025-06-29 18:24:57.870 [info] fatal: not a git repository (or any of the parent directories): .git
2025-06-29 18:24:57.876 [info] > git rev-parse --show-toplevel [1ms]
2025-06-29 18:24:57.876 [info] fatal: not a git repository (or any of the parent directories): .git
2025-06-29 18:24:57.882 [info] > git rev-parse --show-toplevel [1ms]
2025-06-29 18:24:57.882 [info] fatal: not a git repository (or any of the parent directories): .git
2025-06-29 18:24:57.889 [info] > git rev-parse --show-toplevel [2ms]
2025-06-29 18:24:57.889 [info] fatal: not a git repository (or any of the parent directories): .git
2025-06-29 18:24:57.895 [info] > git rev-parse --show-toplevel [1ms]
2025-06-29 18:24:57.895 [info] fatal: not a git repository (or any of the parent directories): .git
2025-06-29 18:24:57.895 [info] [Model][doInitialScan] Initial repository scan completed - repositories (0), closed repositories (0), parent repositories (0), unsafe repositories (0)
2025-06-29 18:24:57.903 [info] > git rev-parse --show-toplevel [2ms]
2025-06-29 18:24:57.903 [info] fatal: not a git repository (or any of the parent directories): .git
2025-06-29 18:24:58.736 [info] > git rev-parse --show-toplevel [1ms]
2025-06-29 18:24:58.737 [info] fatal: not a git repository (or any of the parent directories): .git
2025-06-29 18:25:05.770 [info] > git rev-parse --show-toplevel [1ms]
2025-06-29 18:25:05.770 [info] fatal: not a git repository (or any of the parent directories): .git
2025-06-29 18:25:25.220 [info] > git rev-parse --show-toplevel [2ms]
2025-06-29 18:25:25.220 [info] fatal: not a git repository (or any of the parent directories): .git
2025-06-29 18:25:42.948 [info] > git rev-parse --show-toplevel [1ms]
2025-06-29 18:25:42.948 [info] fatal: not a git repository (or any of the parent directories): .git
2025-06-29 18:25:43.744 [info] > git rev-parse --show-toplevel [1ms]
2025-06-29 18:25:43.744 [info] fatal: not a git repository (or any of the parent directories): .git
2025-06-29 18:25:46.511 [info] > git rev-parse --show-toplevel [1ms]
2025-06-29 18:25:46.511 [info] fatal: not a git repository (or any of the parent directories): .git
2025-06-29 18:25:47.150 [info] > git rev-parse --show-toplevel [1ms]
2025-06-29 18:25:47.150 [info] fatal: not a git repository (or any of the parent directories): .git
2025-06-29 18:26:07.958 [info] > git rev-parse --show-toplevel [1ms]
2025-06-29 18:26:07.958 [info] fatal: not a git repository (or any of the parent directories): .git
2025-06-29 18:26:22.998 [info] > git rev-parse --show-toplevel [1ms]
2025-06-29 18:26:22.998 [info] fatal: not a git repository (or any of the parent directories): .git
2025-06-29 18:26:27.722 [info] > git rev-parse --show-toplevel [2ms]
2025-06-29 18:26:27.722 [info] fatal: not a git repository (or any of the parent directories): .git
2025-06-29 18:26:29.788 [info] > git rev-parse --show-toplevel [2ms]
2025-06-29 18:26:29.788 [info] fatal: not a git repository (or any of the parent directories): .git
2025-06-29 18:26:30.994 [info] > git rev-parse --show-toplevel [1ms]
2025-06-29 18:26:30.994 [info] fatal: not a git repository (or any of the parent directories): .git
2025-06-29 18:26:32.223 [info] > git rev-parse --show-toplevel [2ms]
2025-06-29 18:26:32.223 [info] fatal: not a git repository (or any of the parent directories): .git
2025-06-29 18:26:34.259 [info] > git rev-parse --show-toplevel [2ms]
2025-06-29 18:26:34.259 [info] fatal: not a git repository (or any of the parent directories): .git
2025-06-29 18:27:59.073 [info] > git rev-parse --show-toplevel [2ms]
2025-06-29 18:27:59.073 [info] fatal: not a git repository (or any of the parent directories): .git
2025-06-29 18:28:50.379 [info] > git rev-parse --show-toplevel [1ms]
2025-06-29 18:28:50.380 [info] fatal: not a git repository (or any of the parent directories): .git
2025-06-29 18:29:16.785 [info] > git rev-parse --show-toplevel [1ms]
2025-06-29 18:29:16.785 [info] fatal: not a git repository (or any of the parent directories): .git
2025-06-29 18:29:18.069 [info] > git rev-parse --show-toplevel [2ms]
2025-06-29 18:29:18.069 [info] fatal: not a git repository (or any of the parent directories): .git
2025-06-29 18:29:44.233 [info] > git rev-parse --show-toplevel [2ms]
2025-06-29 18:29:44.233 [info] fatal: not a git repository (or any of the parent directories): .git
2025-06-29 18:29:57.046 [info] > git rev-parse --show-toplevel [1ms]
2025-06-29 18:29:57.047 [info] fatal: not a git repository (or any of the parent directories): .git
2025-06-29 18:29:58.322 [info] > git rev-parse --show-toplevel [1ms]
2025-06-29 18:29:58.322 [info] fatal: not a git repository (or any of the parent directories): .git
2025-06-29 18:30:02.989 [info] > git rev-parse --show-toplevel [1ms]
2025-06-29 18:30:02.989 [info] fatal: not a git repository (or any of the parent directories): .git
2025-06-29 18:30:04.177 [info] > git rev-parse --show-toplevel [1ms]
2025-06-29 18:30:04.177 [info] fatal: not a git repository (or any of the parent directories): .git
2025-06-29 18:30:05.628 [info] > git rev-parse --show-toplevel [1ms]
2025-06-29 18:30:05.628 [info] fatal: not a git repository (or any of the parent directories): .git
2025-06-29 18:30:06.087 [info] > git rev-parse --show-toplevel [2ms]
2025-06-29 18:30:06.087 [info] fatal: not a git repository (or any of the parent directories): .git
2025-06-29 18:30:24.316 [info] > git rev-parse --show-toplevel [1ms]
2025-06-29 18:30:24.316 [info] fatal: not a git repository (or any of the parent directories): .git
2025-06-29 18:30:25.265 [info] > git rev-parse --show-toplevel [1ms]
2025-06-29 18:30:25.265 [info] fatal: not a git repository (or any of the parent directories): .git
2025-06-29 18:31:48.219 [info] > git rev-parse --show-toplevel [1ms]
2025-06-29 18:31:48.219 [info] fatal: not a git repository (or any of the parent directories): .git
2025-06-29 18:31:48.837 [info] > git rev-parse --show-toplevel [1ms]
2025-06-29 18:31:48.837 [info] fatal: not a git repository (or any of the parent directories): .git
2025-06-29 18:31:50.993 [info] > git rev-parse --show-toplevel [1ms]
2025-06-29 18:31:50.994 [info] fatal: not a git repository (or any of the parent directories): .git
2025-06-29 18:31:58.084 [info] > git rev-parse --show-toplevel [1ms]
2025-06-29 18:31:58.084 [info] fatal: not a git repository (or any of the parent directories): .git
2025-06-29 18:32:14.280 [info] > git rev-parse --show-toplevel [2ms]
2025-06-29 18:32:14.280 [info] fatal: not a git repository (or any of the parent directories): .git
2025-06-29 18:32:19.208 [info] > git rev-parse --show-toplevel [1ms]
2025-06-29 18:32:19.208 [info] fatal: not a git repository (or any of the parent directories): .git
2025-06-29 18:32:20.092 [info] > git rev-parse --show-toplevel [1ms]
2025-06-29 18:32:20.092 [info] fatal: not a git repository (or any of the parent directories): .git
2025-06-29 18:32:23.522 [info] > git rev-parse --show-toplevel [1ms]
2025-06-29 18:32:23.522 [info] fatal: not a git repository (or any of the parent directories): .git
2025-06-29 18:32:25.685 [info] > git rev-parse --show-toplevel [1ms]
2025-06-29 18:32:25.686 [info] fatal: not a git repository (or any of the parent directories): .git
2025-06-29 18:32:28.200 [info] > git rev-parse --show-toplevel [1ms]
2025-06-29 18:32:28.200 [info] fatal: not a git repository (or any of the parent directories): .git
2025-06-29 18:32:29.613 [info] > git rev-parse --show-toplevel [1ms]
2025-06-29 18:32:29.613 [info] fatal: not a git repository (or any of the parent directories): .git
2025-06-29 18:32:36.233 [info] > git rev-parse --show-toplevel [2ms]
2025-06-29 18:32:36.233 [info] fatal: not a git repository (or any of the parent directories): .git
2025-06-29 18:32:38.267 [info] > git rev-parse --show-toplevel [1ms]
2025-06-29 18:32:38.267 [info] fatal: not a git repository (or any of the parent directories): .git
2025-06-29 18:32:42.006 [info] > git rev-parse --show-toplevel [1ms]
2025-06-29 18:32:42.006 [info] fatal: not a git repository (or any of the parent directories): .git
2025-06-29 18:32:43.456 [info] > git rev-parse --show-toplevel [1ms]
2025-06-29 18:32:43.456 [info] fatal: not a git repository (or any of the parent directories): .git
2025-06-29 18:32:44.517 [info] > git rev-parse --show-toplevel [2ms]
2025-06-29 18:32:44.517 [info] fatal: not a git repository (or any of the parent directories): .git
2025-06-29 18:32:50.055 [info] > git rev-parse --show-toplevel [1ms]
2025-06-29 18:32:50.055 [info] fatal: not a git repository (or any of the parent directories): .git
2025-06-29 18:33:03.782 [info] > git rev-parse --show-toplevel [1ms]
2025-06-29 18:33:03.782 [info] fatal: not a git repository (or any of the parent directories): .git
2025-06-29 18:33:04.614 [info] > git rev-parse --show-toplevel [2ms]
2025-06-29 18:33:04.614 [info] fatal: not a git repository (or any of the parent directories): .git
2025-06-29 18:33:24.073 [info] > git rev-parse --show-toplevel [2ms]
2025-06-29 18:33:24.073 [info] fatal: not a git repository (or any of the parent directories): .git
2025-06-29 18:33:35.046 [info] > git rev-parse --show-toplevel [2ms]
2025-06-29 18:33:35.046 [info] fatal: not a git repository (or any of the parent directories): .git
2025-06-29 18:33:35.851 [info] > git rev-parse --show-toplevel [2ms]
2025-06-29 18:33:35.852 [info] fatal: not a git repository (or any of the parent directories): .git
2025-06-29 18:33:36.721 [info] > git rev-parse --show-toplevel [2ms]
2025-06-29 18:33:36.721 [info] fatal: not a git repository (or any of the parent directories): .git
2025-06-29 18:33:39.894 [info] > git rev-parse --show-toplevel [2ms]
2025-06-29 18:33:39.894 [info] fatal: not a git repository (or any of the parent directories): .git
2025-06-29 18:33:44.389 [info] > git rev-parse --show-toplevel [2ms]
2025-06-29 18:33:44.389 [info] fatal: not a git repository (or any of the parent directories): .git
2025-06-29 18:33:50.109 [info] > git rev-parse --show-toplevel [3ms]
2025-06-29 18:33:50.109 [info] fatal: not a git repository (or any of the parent directories): .git
2025-06-29 18:33:51.781 [info] > git rev-parse --show-toplevel [2ms]
2025-06-29 18:33:51.781 [info] fatal: not a git repository (or any of the parent directories): .git
2025-06-29 18:33:53.133 [info] > git rev-parse --show-toplevel [1ms]
2025-06-29 18:33:53.133 [info] fatal: not a git repository (or any of the parent directories): .git
2025-06-29 18:33:53.744 [info] > git rev-parse --show-toplevel [1ms]
2025-06-29 18:33:53.744 [info] fatal: not a git repository (or any of the parent directories): .git
2025-06-29 18:42:47.608 [info] > git rev-parse --show-toplevel [1ms]
2025-06-29 18:42:47.608 [info] fatal: not a git repository (or any of the parent directories): .git
