2025-06-26 09:04:05.836 [info] [main] Log level: Info
2025-06-26 09:04:05.836 [info] [main] Validating found git in: "git"
2025-06-26 09:04:05.836 [info] [main] Using git "2.50.0" from "git"
2025-06-26 09:04:05.836 [info] [Model][doInitialScan] Initial repository scan started
2025-06-26 09:04:05.836 [info] > git rev-parse --show-toplevel [5ms]
2025-06-26 09:04:05.836 [info] fatal: not a git repository (or any of the parent directories): .git
2025-06-26 09:04:05.836 [info] > git rev-parse --show-toplevel [3ms]
2025-06-26 09:04:05.836 [info] fatal: not a git repository (or any of the parent directories): .git
2025-06-26 09:04:05.836 [info] > git rev-parse --show-toplevel [2ms]
2025-06-26 09:04:05.836 [info] fatal: not a git repository (or any of the parent directories): .git
2025-06-26 09:04:05.836 [info] > git rev-parse --show-toplevel [2ms]
2025-06-26 09:04:05.836 [info] fatal: not a git repository (or any of the parent directories): .git
2025-06-26 09:04:05.836 [info] > git rev-parse --show-toplevel [1ms]
2025-06-26 09:04:05.836 [info] fatal: not a git repository (or any of the parent directories): .git
2025-06-26 09:04:05.836 [info] > git rev-parse --show-toplevel [2ms]
2025-06-26 09:04:05.836 [info] fatal: not a git repository (or any of the parent directories): .git
2025-06-26 09:04:05.836 [info] > git rev-parse --show-toplevel [1ms]
2025-06-26 09:04:05.836 [info] fatal: not a git repository (or any of the parent directories): .git
2025-06-26 09:04:05.836 [info] > git rev-parse --show-toplevel [2ms]
2025-06-26 09:04:05.836 [info] fatal: not a git repository (or any of the parent directories): .git
2025-06-26 09:04:05.836 [info] > git rev-parse --show-toplevel [1ms]
2025-06-26 09:04:05.836 [info] fatal: not a git repository (or any of the parent directories): .git
2025-06-26 09:04:05.836 [info] > git rev-parse --show-toplevel [2ms]
2025-06-26 09:04:05.836 [info] fatal: not a git repository (or any of the parent directories): .git
2025-06-26 09:04:05.976 [info] > git rev-parse --show-toplevel [141ms]
2025-06-26 09:04:05.976 [info] fatal: not a git repository (or any of the parent directories): .git
2025-06-26 09:04:06.029 [info] > git rev-parse --show-toplevel [6ms]
2025-06-26 09:04:06.029 [info] fatal: not a git repository (or any of the parent directories): .git
2025-06-26 09:04:06.060 [info] > git rev-parse --show-toplevel [27ms]
2025-06-26 09:04:06.060 [info] fatal: not a git repository (or any of the parent directories): .git
2025-06-26 09:04:06.066 [info] > git rev-parse --show-toplevel [1ms]
2025-06-26 09:04:06.066 [info] fatal: not a git repository (or any of the parent directories): .git
2025-06-26 09:04:06.072 [info] > git rev-parse --show-toplevel [1ms]
2025-06-26 09:04:06.072 [info] fatal: not a git repository (or any of the parent directories): .git
2025-06-26 09:04:06.076 [info] > git rev-parse --show-toplevel [1ms]
2025-06-26 09:04:06.076 [info] fatal: not a git repository (or any of the parent directories): .git
2025-06-26 09:04:06.080 [info] > git rev-parse --show-toplevel [1ms]
2025-06-26 09:04:06.080 [info] fatal: not a git repository (or any of the parent directories): .git
2025-06-26 09:04:06.084 [info] > git rev-parse --show-toplevel [1ms]
2025-06-26 09:04:06.084 [info] fatal: not a git repository (or any of the parent directories): .git
2025-06-26 09:04:06.088 [info] > git rev-parse --show-toplevel [1ms]
2025-06-26 09:04:06.088 [info] fatal: not a git repository (or any of the parent directories): .git
2025-06-26 09:04:06.094 [info] > git rev-parse --show-toplevel [2ms]
2025-06-26 09:04:06.094 [info] fatal: not a git repository (or any of the parent directories): .git
2025-06-26 09:04:06.095 [info] [Model][doInitialScan] Initial repository scan completed - repositories (0), closed repositories (0), parent repositories (0), unsafe repositories (0)
2025-06-26 09:04:06.102 [info] > git rev-parse --show-toplevel [1ms]
2025-06-26 09:04:06.102 [info] fatal: not a git repository (or any of the parent directories): .git
2025-06-26 09:04:07.205 [info] > git rev-parse --show-toplevel [1ms]
2025-06-26 09:04:07.205 [info] fatal: not a git repository (or any of the parent directories): .git
2025-06-26 09:04:25.943 [info] > git rev-parse --show-toplevel [2ms]
2025-06-26 09:04:25.943 [info] fatal: not a git repository (or any of the parent directories): .git
2025-06-26 09:05:56.373 [info] > git rev-parse --show-toplevel [2ms]
2025-06-26 09:05:56.373 [info] fatal: not a git repository (or any of the parent directories): .git
2025-06-26 09:05:58.609 [info] > git rev-parse --show-toplevel [2ms]
2025-06-26 09:05:58.609 [info] fatal: not a git repository (or any of the parent directories): .git
2025-06-26 09:06:04.171 [info] > git rev-parse --show-toplevel [1ms]
2025-06-26 09:06:04.171 [info] fatal: not a git repository (or any of the parent directories): .git
2025-06-26 09:08:05.187 [info] > git rev-parse --show-toplevel [2ms]
2025-06-26 09:08:05.187 [info] fatal: not a git repository (or any of the parent directories): .git
2025-06-26 09:08:31.811 [info] > git rev-parse --show-toplevel [1ms]
2025-06-26 09:08:31.811 [info] fatal: not a git repository (or any of the parent directories): .git
2025-06-26 09:08:39.043 [info] > git rev-parse --show-toplevel [2ms]
2025-06-26 09:08:39.043 [info] fatal: not a git repository (or any of the parent directories): .git
2025-06-26 09:09:01.646 [info] > git rev-parse --show-toplevel [1ms]
2025-06-26 09:09:01.646 [info] fatal: not a git repository (or any of the parent directories): .git
2025-06-26 09:09:04.085 [info] > git rev-parse --show-toplevel [1ms]
2025-06-26 09:09:04.085 [info] fatal: not a git repository (or any of the parent directories): .git
2025-06-26 09:09:05.886 [info] > git rev-parse --show-toplevel [2ms]
2025-06-26 09:09:05.886 [info] fatal: not a git repository (or any of the parent directories): .git
2025-06-26 09:09:08.042 [info] > git rev-parse --show-toplevel [2ms]
2025-06-26 09:09:08.042 [info] fatal: not a git repository (or any of the parent directories): .git
2025-06-26 09:09:09.165 [info] > git rev-parse --show-toplevel [1ms]
2025-06-26 09:09:09.165 [info] fatal: not a git repository (or any of the parent directories): .git
2025-06-26 09:09:12.828 [info] > git rev-parse --show-toplevel [1ms]
2025-06-26 09:09:12.828 [info] fatal: not a git repository (or any of the parent directories): .git
2025-06-26 09:09:16.728 [info] > git rev-parse --show-toplevel [0ms]
2025-06-26 09:09:16.728 [info] fatal: not a git repository (or any of the parent directories): .git
2025-06-26 09:11:45.801 [info] > git rev-parse --show-toplevel [1ms]
2025-06-26 09:11:45.801 [info] fatal: not a git repository (or any of the parent directories): .git
2025-06-26 09:11:46.290 [info] > git rev-parse --show-toplevel [1ms]
2025-06-26 09:11:46.290 [info] fatal: not a git repository (or any of the parent directories): .git
2025-06-26 09:11:52.697 [info] > git rev-parse --show-toplevel [1ms]
2025-06-26 09:11:52.697 [info] fatal: not a git repository (or any of the parent directories): .git
2025-06-26 09:11:57.364 [info] > git rev-parse --show-toplevel [1ms]
2025-06-26 09:11:57.364 [info] fatal: not a git repository (or any of the parent directories): .git
2025-06-26 09:12:33.108 [info] > git rev-parse --show-toplevel [3ms]
2025-06-26 09:12:33.108 [info] fatal: not a git repository (or any of the parent directories): .git
2025-06-26 09:12:36.759 [info] > git rev-parse --show-toplevel [2ms]
2025-06-26 09:12:36.759 [info] fatal: not a git repository (or any of the parent directories): .git
2025-06-26 09:12:52.323 [info] > git rev-parse --show-toplevel [1ms]
2025-06-26 09:12:52.323 [info] fatal: not a git repository (or any of the parent directories): .git
2025-06-26 09:12:54.118 [info] > git rev-parse --show-toplevel [3ms]
2025-06-26 09:12:54.119 [info] fatal: not a git repository (or any of the parent directories): .git
2025-06-26 09:12:54.566 [info] > git rev-parse --show-toplevel [2ms]
2025-06-26 09:12:54.566 [info] fatal: not a git repository (or any of the parent directories): .git
2025-06-26 09:13:16.339 [info] > git rev-parse --show-toplevel [2ms]
2025-06-26 09:13:16.339 [info] fatal: not a git repository (or any of the parent directories): .git
2025-06-26 09:13:16.908 [info] > git rev-parse --show-toplevel [1ms]
2025-06-26 09:13:16.909 [info] fatal: not a git repository (or any of the parent directories): .git
2025-06-26 09:13:40.237 [info] > git rev-parse --show-toplevel [1ms]
2025-06-26 09:13:40.237 [info] fatal: not a git repository (or any of the parent directories): .git
2025-06-26 09:16:35.994 [info] > git rev-parse --show-toplevel [1ms]
2025-06-26 09:16:35.994 [info] fatal: not a git repository (or any of the parent directories): .git
2025-06-26 09:16:40.542 [info] > git rev-parse --show-toplevel [2ms]
2025-06-26 09:16:40.542 [info] fatal: not a git repository (or any of the parent directories): .git
2025-06-26 09:16:42.562 [info] > git rev-parse --show-toplevel [1ms]
2025-06-26 09:16:42.562 [info] fatal: not a git repository (or any of the parent directories): .git
2025-06-26 09:16:43.279 [info] > git rev-parse --show-toplevel [1ms]
2025-06-26 09:16:43.279 [info] fatal: not a git repository (or any of the parent directories): .git
2025-06-26 09:16:45.075 [info] > git rev-parse --show-toplevel [1ms]
2025-06-26 09:16:45.075 [info] fatal: not a git repository (or any of the parent directories): .git
2025-06-26 09:17:40.651 [info] > git rev-parse --show-toplevel [1ms]
2025-06-26 09:17:40.651 [info] fatal: not a git repository (or any of the parent directories): .git
2025-06-26 09:17:49.081 [info] > git rev-parse --show-toplevel [1ms]
2025-06-26 09:17:49.082 [info] fatal: not a git repository (or any of the parent directories): .git
2025-06-26 09:17:49.511 [info] > git rev-parse --show-toplevel [1ms]
2025-06-26 09:17:49.511 [info] fatal: not a git repository (or any of the parent directories): .git
2025-06-26 09:20:37.322 [info] > git rev-parse --show-toplevel [2ms]
2025-06-26 09:20:37.322 [info] fatal: not a git repository (or any of the parent directories): .git
2025-06-26 09:20:37.805 [info] > git rev-parse --show-toplevel [2ms]
2025-06-26 09:20:37.805 [info] fatal: not a git repository (or any of the parent directories): .git
2025-06-26 09:20:40.262 [info] > git rev-parse --show-toplevel [2ms]
2025-06-26 09:20:40.262 [info] fatal: not a git repository (or any of the parent directories): .git
2025-06-26 09:20:49.713 [info] > git rev-parse --show-toplevel [1ms]
2025-06-26 09:20:49.713 [info] fatal: not a git repository (or any of the parent directories): .git
2025-06-26 09:21:21.128 [info] > git rev-parse --show-toplevel [1ms]
2025-06-26 09:21:21.128 [info] fatal: not a git repository (or any of the parent directories): .git
2025-06-26 09:21:21.855 [info] > git rev-parse --show-toplevel [1ms]
2025-06-26 09:21:21.855 [info] fatal: not a git repository (or any of the parent directories): .git
2025-06-26 09:21:23.732 [info] > git rev-parse --show-toplevel [1ms]
2025-06-26 09:21:23.732 [info] fatal: not a git repository (or any of the parent directories): .git
2025-06-26 09:32:27.772 [info] > git rev-parse --show-toplevel [2ms]
2025-06-26 09:32:27.772 [info] fatal: not a git repository (or any of the parent directories): .git
2025-06-26 09:32:29.346 [info] > git rev-parse --show-toplevel [2ms]
2025-06-26 09:32:29.346 [info] fatal: not a git repository (or any of the parent directories): .git
2025-06-26 09:32:30.336 [info] > git rev-parse --show-toplevel [1ms]
2025-06-26 09:32:30.336 [info] fatal: not a git repository (or any of the parent directories): .git
2025-06-26 09:32:53.980 [info] > git rev-parse --show-toplevel [1ms]
2025-06-26 09:32:53.980 [info] fatal: not a git repository (or any of the parent directories): .git
2025-06-26 09:33:06.054 [info] > git rev-parse --show-toplevel [1ms]
2025-06-26 09:33:06.054 [info] fatal: not a git repository (or any of the parent directories): .git
2025-06-26 09:33:40.010 [info] > git rev-parse --show-toplevel [1ms]
2025-06-26 09:33:40.010 [info] fatal: not a git repository (or any of the parent directories): .git
2025-06-26 09:33:42.065 [info] > git rev-parse --show-toplevel [2ms]
2025-06-26 09:33:42.065 [info] fatal: not a git repository (or any of the parent directories): .git
2025-06-26 09:33:43.581 [info] > git rev-parse --show-toplevel [2ms]
2025-06-26 09:33:43.581 [info] fatal: not a git repository (or any of the parent directories): .git
2025-06-26 09:33:44.159 [info] > git rev-parse --show-toplevel [2ms]
2025-06-26 09:33:44.159 [info] fatal: not a git repository (or any of the parent directories): .git
2025-06-26 09:34:04.706 [info] > git rev-parse --show-toplevel [1ms]
2025-06-26 09:34:04.707 [info] fatal: not a git repository (or any of the parent directories): .git
2025-06-26 09:34:05.418 [info] > git rev-parse --show-toplevel [2ms]
2025-06-26 09:34:05.418 [info] fatal: not a git repository (or any of the parent directories): .git
2025-06-26 09:34:05.961 [info] > git rev-parse --show-toplevel [1ms]
2025-06-26 09:34:05.961 [info] fatal: not a git repository (or any of the parent directories): .git
2025-06-26 09:38:26.907 [info] > git rev-parse --show-toplevel [2ms]
2025-06-26 09:38:26.907 [info] fatal: not a git repository (or any of the parent directories): .git
2025-06-26 09:38:41.641 [info] > git rev-parse --show-toplevel [1ms]
2025-06-26 09:38:41.641 [info] fatal: not a git repository (or any of the parent directories): .git
2025-06-26 09:38:42.224 [info] > git rev-parse --show-toplevel [1ms]
2025-06-26 09:38:42.224 [info] fatal: not a git repository (or any of the parent directories): .git
2025-06-26 09:38:42.825 [info] > git rev-parse --show-toplevel [2ms]
2025-06-26 09:38:42.825 [info] fatal: not a git repository (or any of the parent directories): .git
2025-06-26 09:38:43.401 [info] > git rev-parse --show-toplevel [1ms]
2025-06-26 09:38:43.401 [info] fatal: not a git repository (or any of the parent directories): .git
2025-06-26 09:38:45.170 [info] > git rev-parse --show-toplevel [2ms]
2025-06-26 09:38:45.170 [info] fatal: not a git repository (or any of the parent directories): .git
2025-06-26 09:38:46.227 [info] > git rev-parse --show-toplevel [2ms]
2025-06-26 09:38:46.227 [info] fatal: not a git repository (or any of the parent directories): .git
2025-06-26 09:38:46.641 [info] > git rev-parse --show-toplevel [1ms]
2025-06-26 09:38:46.641 [info] fatal: not a git repository (or any of the parent directories): .git
2025-06-26 09:39:12.394 [info] > git rev-parse --show-toplevel [1ms]
2025-06-26 09:39:12.394 [info] fatal: not a git repository (or any of the parent directories): .git
2025-06-26 09:39:42.761 [info] > git rev-parse --show-toplevel [2ms]
2025-06-26 09:39:42.761 [info] fatal: not a git repository (or any of the parent directories): .git
2025-06-26 09:39:44.242 [info] > git rev-parse --show-toplevel [1ms]
2025-06-26 09:39:44.242 [info] fatal: not a git repository (or any of the parent directories): .git
2025-06-26 09:39:44.636 [info] > git rev-parse --show-toplevel [2ms]
2025-06-26 09:39:44.636 [info] fatal: not a git repository (or any of the parent directories): .git
2025-06-26 09:39:47.426 [info] > git rev-parse --show-toplevel [1ms]
2025-06-26 09:39:47.426 [info] fatal: not a git repository (or any of the parent directories): .git
2025-06-26 09:42:38.932 [info] > git rev-parse --show-toplevel [1ms]
2025-06-26 09:42:38.933 [info] fatal: not a git repository (or any of the parent directories): .git
2025-06-26 09:43:14.638 [info] > git rev-parse --show-toplevel [1ms]
2025-06-26 09:43:14.639 [info] fatal: not a git repository (or any of the parent directories): .git
2025-06-26 09:43:15.634 [info] > git rev-parse --show-toplevel [1ms]
2025-06-26 09:43:15.634 [info] fatal: not a git repository (or any of the parent directories): .git
2025-06-26 09:43:19.212 [info] > git rev-parse --show-toplevel [1ms]
2025-06-26 09:43:19.212 [info] fatal: not a git repository (or any of the parent directories): .git
2025-06-26 09:43:21.398 [info] > git rev-parse --show-toplevel [1ms]
2025-06-26 09:43:21.398 [info] fatal: not a git repository (or any of the parent directories): .git
2025-06-26 09:43:22.440 [info] > git rev-parse --show-toplevel [1ms]
2025-06-26 09:43:22.440 [info] fatal: not a git repository (or any of the parent directories): .git
2025-06-26 09:43:23.179 [info] > git rev-parse --show-toplevel [2ms]
2025-06-26 09:43:23.179 [info] fatal: not a git repository (or any of the parent directories): .git
2025-06-26 09:45:36.382 [info] > git rev-parse --show-toplevel [2ms]
2025-06-26 09:45:36.382 [info] fatal: not a git repository (or any of the parent directories): .git
2025-06-26 09:49:37.482 [info] > git rev-parse --show-toplevel [1ms]
2025-06-26 09:49:37.482 [info] fatal: not a git repository (or any of the parent directories): .git
2025-06-26 09:49:38.186 [info] > git rev-parse --show-toplevel [2ms]
2025-06-26 09:49:38.186 [info] fatal: not a git repository (or any of the parent directories): .git
2025-06-26 09:52:10.882 [info] > git rev-parse --show-toplevel [1ms]
2025-06-26 09:52:10.882 [info] fatal: not a git repository (or any of the parent directories): .git
2025-06-26 09:52:14.425 [info] > git rev-parse --show-toplevel [2ms]
2025-06-26 09:52:14.425 [info] fatal: not a git repository (or any of the parent directories): .git
2025-06-26 09:52:33.458 [info] > git rev-parse --show-toplevel [1ms]
2025-06-26 09:52:33.458 [info] fatal: not a git repository (or any of the parent directories): .git
2025-06-26 09:52:35.207 [info] > git rev-parse --show-toplevel [1ms]
2025-06-26 09:52:35.207 [info] fatal: not a git repository (or any of the parent directories): .git
2025-06-26 09:52:36.055 [info] > git rev-parse --show-toplevel [2ms]
2025-06-26 09:52:36.055 [info] fatal: not a git repository (or any of the parent directories): .git
2025-06-26 09:52:40.605 [info] > git rev-parse --show-toplevel [2ms]
2025-06-26 09:52:40.605 [info] fatal: not a git repository (or any of the parent directories): .git
2025-06-26 09:52:42.349 [info] > git rev-parse --show-toplevel [1ms]
2025-06-26 09:52:42.349 [info] fatal: not a git repository (or any of the parent directories): .git
2025-06-26 09:53:04.605 [info] > git rev-parse --show-toplevel [1ms]
2025-06-26 09:53:04.605 [info] fatal: not a git repository (or any of the parent directories): .git
2025-06-26 09:53:07.648 [info] > git rev-parse --show-toplevel [2ms]
2025-06-26 09:53:07.648 [info] fatal: not a git repository (or any of the parent directories): .git
2025-06-26 09:53:09.502 [info] > git rev-parse --show-toplevel [3ms]
2025-06-26 09:53:09.502 [info] fatal: not a git repository (or any of the parent directories): .git
2025-06-26 09:53:10.082 [info] > git rev-parse --show-toplevel [1ms]
2025-06-26 09:53:10.082 [info] fatal: not a git repository (or any of the parent directories): .git
2025-06-26 09:53:10.938 [info] > git rev-parse --show-toplevel [1ms]
2025-06-26 09:53:10.938 [info] fatal: not a git repository (or any of the parent directories): .git
2025-06-26 09:53:11.984 [info] > git rev-parse --show-toplevel [2ms]
2025-06-26 09:53:11.984 [info] fatal: not a git repository (or any of the parent directories): .git
2025-06-26 09:53:14.225 [info] > git rev-parse --show-toplevel [1ms]
2025-06-26 09:53:14.225 [info] fatal: not a git repository (or any of the parent directories): .git
2025-06-26 09:53:21.938 [info] > git rev-parse --show-toplevel [1ms]
2025-06-26 09:53:21.938 [info] fatal: not a git repository (or any of the parent directories): .git
2025-06-26 09:53:22.529 [info] > git rev-parse --show-toplevel [1ms]
2025-06-26 09:53:22.529 [info] fatal: not a git repository (or any of the parent directories): .git
2025-06-26 09:55:42.769 [info] > git rev-parse --show-toplevel [1ms]
2025-06-26 09:55:42.769 [info] fatal: not a git repository (or any of the parent directories): .git
2025-06-26 09:55:44.574 [info] > git rev-parse --show-toplevel [3ms]
2025-06-26 09:55:44.574 [info] fatal: not a git repository (or any of the parent directories): .git
2025-06-26 09:56:53.666 [info] > git rev-parse --show-toplevel [1ms]
2025-06-26 09:56:53.666 [info] fatal: not a git repository (or any of the parent directories): .git
2025-06-26 09:58:13.048 [info] > git rev-parse --show-toplevel [1ms]
2025-06-26 09:58:13.048 [info] fatal: not a git repository (or any of the parent directories): .git
2025-06-26 10:08:19.048 [info] > git rev-parse --show-toplevel [1ms]
2025-06-26 10:08:19.048 [info] fatal: not a git repository (or any of the parent directories): .git
2025-06-26 10:08:24.665 [info] > git rev-parse --show-toplevel [2ms]
2025-06-26 10:08:24.665 [info] fatal: not a git repository (or any of the parent directories): .git
2025-06-26 10:08:34.307 [info] > git rev-parse --show-toplevel [1ms]
2025-06-26 10:08:34.307 [info] fatal: not a git repository (or any of the parent directories): .git
2025-06-26 10:08:34.961 [info] > git rev-parse --show-toplevel [1ms]
2025-06-26 10:08:34.961 [info] fatal: not a git repository (or any of the parent directories): .git
2025-06-26 10:08:35.416 [info] > git rev-parse --show-toplevel [2ms]
2025-06-26 10:08:35.416 [info] fatal: not a git repository (or any of the parent directories): .git
2025-06-26 10:08:40.801 [info] > git rev-parse --show-toplevel [1ms]
2025-06-26 10:08:40.801 [info] fatal: not a git repository (or any of the parent directories): .git
2025-06-26 10:12:09.454 [info] > git rev-parse --show-toplevel [1ms]
2025-06-26 10:12:09.454 [info] fatal: not a git repository (or any of the parent directories): .git
2025-06-26 10:12:11.356 [info] > git rev-parse --show-toplevel [1ms]
2025-06-26 10:12:11.357 [info] fatal: not a git repository (or any of the parent directories): .git
2025-06-26 10:12:49.281 [info] > git rev-parse --show-toplevel [2ms]
2025-06-26 10:12:49.281 [info] fatal: not a git repository (or any of the parent directories): .git
2025-06-26 10:12:50.241 [info] > git rev-parse --show-toplevel [1ms]
2025-06-26 10:12:50.241 [info] fatal: not a git repository (or any of the parent directories): .git
2025-06-26 10:12:50.864 [info] > git rev-parse --show-toplevel [2ms]
2025-06-26 10:12:50.864 [info] fatal: not a git repository (or any of the parent directories): .git
2025-06-26 10:12:59.286 [info] > git rev-parse --show-toplevel [1ms]
2025-06-26 10:12:59.286 [info] fatal: not a git repository (or any of the parent directories): .git
2025-06-26 10:14:50.591 [info] > git rev-parse --show-toplevel [1ms]
2025-06-26 10:14:50.591 [info] fatal: not a git repository (or any of the parent directories): .git
2025-06-26 10:15:19.862 [info] > git rev-parse --show-toplevel [2ms]
2025-06-26 10:15:19.862 [info] fatal: not a git repository (or any of the parent directories): .git
2025-06-26 10:16:00.510 [info] > git rev-parse --show-toplevel [1ms]
2025-06-26 10:16:00.510 [info] fatal: not a git repository (or any of the parent directories): .git
2025-06-26 10:16:02.854 [info] > git rev-parse --show-toplevel [1ms]
2025-06-26 10:16:02.854 [info] fatal: not a git repository (or any of the parent directories): .git
2025-06-26 10:16:06.509 [info] > git rev-parse --show-toplevel [1ms]
2025-06-26 10:16:06.509 [info] fatal: not a git repository (or any of the parent directories): .git
2025-06-26 10:18:32.544 [info] > git rev-parse --show-toplevel [1ms]
2025-06-26 10:18:32.544 [info] fatal: not a git repository (or any of the parent directories): .git
2025-06-26 10:18:45.949 [info] > git rev-parse --show-toplevel [1ms]
2025-06-26 10:18:45.949 [info] fatal: not a git repository (or any of the parent directories): .git
2025-06-26 10:18:47.255 [info] > git rev-parse --show-toplevel [2ms]
2025-06-26 10:18:47.255 [info] fatal: not a git repository (or any of the parent directories): .git
2025-06-26 10:18:48.561 [info] > git rev-parse --show-toplevel [1ms]
2025-06-26 10:18:48.561 [info] fatal: not a git repository (or any of the parent directories): .git
2025-06-26 10:18:50.681 [info] > git rev-parse --show-toplevel [1ms]
2025-06-26 10:18:50.681 [info] fatal: not a git repository (or any of the parent directories): .git
2025-06-26 10:18:58.240 [info] > git rev-parse --show-toplevel [2ms]
2025-06-26 10:18:58.240 [info] fatal: not a git repository (or any of the parent directories): .git
2025-06-26 10:19:38.612 [info] > git rev-parse --show-toplevel [2ms]
2025-06-26 10:19:38.612 [info] fatal: not a git repository (or any of the parent directories): .git
2025-06-26 10:19:48.140 [info] > git rev-parse --show-toplevel [1ms]
2025-06-26 10:19:48.140 [info] fatal: not a git repository (or any of the parent directories): .git
2025-06-26 10:20:47.705 [info] > git rev-parse --show-toplevel [1ms]
2025-06-26 10:20:47.705 [info] fatal: not a git repository (or any of the parent directories): .git
2025-06-26 10:20:48.150 [info] > git rev-parse --show-toplevel [1ms]
2025-06-26 10:20:48.150 [info] fatal: not a git repository (or any of the parent directories): .git
2025-06-26 10:21:40.741 [info] > git rev-parse --show-toplevel [1ms]
2025-06-26 10:21:40.741 [info] fatal: not a git repository (or any of the parent directories): .git
2025-06-26 10:21:41.571 [info] > git rev-parse --show-toplevel [1ms]
2025-06-26 10:21:41.571 [info] fatal: not a git repository (or any of the parent directories): .git
2025-06-26 10:21:45.154 [info] > git rev-parse --show-toplevel [1ms]
2025-06-26 10:21:45.154 [info] fatal: not a git repository (or any of the parent directories): .git
2025-06-26 10:24:34.215 [info] > git rev-parse --show-toplevel [2ms]
2025-06-26 10:24:34.215 [info] fatal: not a git repository (or any of the parent directories): .git
2025-06-26 10:24:56.603 [info] > git rev-parse --show-toplevel [1ms]
2025-06-26 10:24:56.603 [info] fatal: not a git repository (or any of the parent directories): .git
2025-06-26 10:25:02.364 [info] > git rev-parse --show-toplevel [1ms]
2025-06-26 10:25:02.364 [info] fatal: not a git repository (or any of the parent directories): .git
2025-06-26 10:25:03.020 [info] > git rev-parse --show-toplevel [2ms]
2025-06-26 10:25:03.020 [info] fatal: not a git repository (or any of the parent directories): .git
2025-06-26 10:25:03.958 [info] > git rev-parse --show-toplevel [1ms]
2025-06-26 10:25:03.958 [info] fatal: not a git repository (or any of the parent directories): .git
