2025-07-13 20:22:46.166 [info] [main] Log level: Info
2025-07-13 20:22:46.166 [info] [main] Validating found git in: "git"
2025-07-13 20:22:46.166 [info] [main] Using git "2.50.0" from "git"
2025-07-13 20:22:46.166 [info] [Model][doInitialScan] Initial repository scan started
2025-07-13 20:22:46.166 [info] > git rev-parse --show-toplevel [14ms]
2025-07-13 20:22:46.166 [info] fatal: not a git repository (or any of the parent directories): .git
2025-07-13 20:22:46.166 [info] > git rev-parse --show-toplevel [10ms]
2025-07-13 20:22:46.166 [info] fatal: not a git repository (or any of the parent directories): .git
2025-07-13 20:22:46.166 [info] > git rev-parse --show-toplevel [1ms]
2025-07-13 20:22:46.166 [info] fatal: not a git repository (or any of the parent directories): .git
2025-07-13 20:22:46.166 [info] > git rev-parse --show-toplevel [2ms]
2025-07-13 20:22:46.166 [info] fatal: not a git repository (or any of the parent directories): .git
2025-07-13 20:22:46.166 [info] > git rev-parse --show-toplevel [2ms]
2025-07-13 20:22:46.166 [info] fatal: not a git repository (or any of the parent directories): .git
2025-07-13 20:22:46.166 [info] > git rev-parse --show-toplevel [165ms]
2025-07-13 20:22:46.166 [info] fatal: not a git repository (or any of the parent directories): .git
2025-07-13 20:22:46.166 [info] > git rev-parse --show-toplevel [8ms]
2025-07-13 20:22:46.166 [info] fatal: not a git repository (or any of the parent directories): .git
2025-07-13 20:22:46.189 [info] > git rev-parse --show-toplevel [19ms]
2025-07-13 20:22:46.189 [info] fatal: not a git repository (or any of the parent directories): .git
2025-07-13 20:22:46.272 [info] > git rev-parse --show-toplevel [45ms]
2025-07-13 20:22:46.272 [info] fatal: not a git repository (or any of the parent directories): .git
2025-07-13 20:22:46.286 [info] > git rev-parse --show-toplevel [3ms]
2025-07-13 20:22:46.286 [info] fatal: not a git repository (or any of the parent directories): .git
2025-07-13 20:22:46.296 [info] > git rev-parse --show-toplevel [4ms]
2025-07-13 20:22:46.296 [info] fatal: not a git repository (or any of the parent directories): .git
2025-07-13 20:22:46.307 [info] > git rev-parse --show-toplevel [3ms]
2025-07-13 20:22:46.307 [info] fatal: not a git repository (or any of the parent directories): .git
2025-07-13 20:22:46.315 [info] > git rev-parse --show-toplevel [2ms]
2025-07-13 20:22:46.315 [info] fatal: not a git repository (or any of the parent directories): .git
2025-07-13 20:22:46.324 [info] > git rev-parse --show-toplevel [2ms]
2025-07-13 20:22:46.324 [info] fatal: not a git repository (or any of the parent directories): .git
2025-07-13 20:22:46.331 [info] > git rev-parse --show-toplevel [2ms]
2025-07-13 20:22:46.331 [info] fatal: not a git repository (or any of the parent directories): .git
2025-07-13 20:22:46.340 [info] > git rev-parse --show-toplevel [1ms]
2025-07-13 20:22:46.340 [info] fatal: not a git repository (or any of the parent directories): .git
2025-07-13 20:22:46.348 [info] > git rev-parse --show-toplevel [1ms]
2025-07-13 20:22:46.348 [info] fatal: not a git repository (or any of the parent directories): .git
2025-07-13 20:22:46.357 [info] > git rev-parse --show-toplevel [1ms]
2025-07-13 20:22:46.357 [info] fatal: not a git repository (or any of the parent directories): .git
2025-07-13 20:22:46.365 [info] > git rev-parse --show-toplevel [1ms]
2025-07-13 20:22:46.365 [info] fatal: not a git repository (or any of the parent directories): .git
2025-07-13 20:22:46.373 [info] > git rev-parse --show-toplevel [1ms]
2025-07-13 20:22:46.373 [info] fatal: not a git repository (or any of the parent directories): .git
2025-07-13 20:22:46.380 [info] > git rev-parse --show-toplevel [1ms]
2025-07-13 20:22:46.380 [info] fatal: not a git repository (or any of the parent directories): .git
2025-07-13 20:22:46.386 [info] > git rev-parse --show-toplevel [1ms]
2025-07-13 20:22:46.386 [info] fatal: not a git repository (or any of the parent directories): .git
2025-07-13 20:22:46.393 [info] > git rev-parse --show-toplevel [1ms]
2025-07-13 20:22:46.393 [info] fatal: not a git repository (or any of the parent directories): .git
2025-07-13 20:22:46.399 [info] > git rev-parse --show-toplevel [1ms]
2025-07-13 20:22:46.399 [info] fatal: not a git repository (or any of the parent directories): .git
2025-07-13 20:22:46.405 [info] > git rev-parse --show-toplevel [1ms]
2025-07-13 20:22:46.405 [info] fatal: not a git repository (or any of the parent directories): .git
2025-07-13 20:22:46.411 [info] > git rev-parse --show-toplevel [1ms]
2025-07-13 20:22:46.411 [info] fatal: not a git repository (or any of the parent directories): .git
2025-07-13 20:22:46.417 [info] > git rev-parse --show-toplevel [1ms]
2025-07-13 20:22:46.417 [info] fatal: not a git repository (or any of the parent directories): .git
2025-07-13 20:22:46.418 [info] [Model][doInitialScan] Initial repository scan completed - repositories (0), closed repositories (0), parent repositories (0), unsafe repositories (0)
2025-07-13 20:22:46.424 [info] > git rev-parse --show-toplevel [1ms]
2025-07-13 20:22:46.424 [info] fatal: not a git repository (or any of the parent directories): .git
2025-07-13 20:22:48.487 [info] > git rev-parse --show-toplevel [1ms]
2025-07-13 20:22:48.487 [info] fatal: not a git repository (or any of the parent directories): .git
2025-07-13 20:23:41.338 [info] > git rev-parse --show-toplevel [1ms]
2025-07-13 20:23:41.338 [info] fatal: not a git repository (or any of the parent directories): .git
2025-07-13 20:23:50.881 [info] > git rev-parse --show-toplevel [1ms]
2025-07-13 20:23:50.881 [info] fatal: not a git repository (or any of the parent directories): .git
2025-07-13 20:23:51.498 [info] > git rev-parse --show-toplevel [2ms]
2025-07-13 20:23:51.498 [info] fatal: not a git repository (or any of the parent directories): .git
2025-07-13 20:24:13.146 [info] > git rev-parse --show-toplevel [2ms]
2025-07-13 20:24:13.146 [info] fatal: not a git repository (or any of the parent directories): .git
2025-07-13 20:24:52.640 [info] > git rev-parse --show-toplevel [1ms]
2025-07-13 20:24:52.640 [info] fatal: not a git repository (or any of the parent directories): .git
2025-07-13 20:25:57.771 [info] > git rev-parse --show-toplevel [1ms]
2025-07-13 20:25:57.771 [info] fatal: not a git repository (or any of the parent directories): .git
2025-07-13 20:26:23.172 [info] > git rev-parse --show-toplevel [2ms]
2025-07-13 20:26:23.172 [info] fatal: not a git repository (or any of the parent directories): .git
2025-07-13 20:26:24.110 [info] > git rev-parse --show-toplevel [1ms]
2025-07-13 20:26:24.111 [info] fatal: not a git repository (or any of the parent directories): .git
2025-07-13 20:26:25.899 [info] > git rev-parse --show-toplevel [1ms]
2025-07-13 20:26:25.899 [info] fatal: not a git repository (or any of the parent directories): .git
2025-07-13 20:26:29.539 [info] > git rev-parse --show-toplevel [3ms]
2025-07-13 20:26:29.539 [info] fatal: not a git repository (or any of the parent directories): .git
2025-07-13 20:43:48.532 [info] > git rev-parse --show-toplevel [2ms]
2025-07-13 20:43:48.532 [info] fatal: not a git repository (or any of the parent directories): .git
2025-07-14 20:07:49.219 [info] > git rev-parse --show-toplevel [21ms]
2025-07-14 20:07:49.219 [info] fatal: not a git repository (or any of the parent directories): .git
2025-07-14 20:28:51.101 [info] > git rev-parse --show-toplevel [2ms]
2025-07-14 20:28:51.101 [info] fatal: not a git repository (or any of the parent directories): .git
