2025-07-12 00:10:22.763 [info] [main] Log level: Info
2025-07-12 00:10:22.763 [info] [main] Validating found git in: "git"
2025-07-12 00:10:22.763 [info] [main] Using git "2.50.0" from "git"
2025-07-12 00:10:22.763 [info] [Model][doInitialScan] Initial repository scan started
2025-07-12 00:10:22.781 [info] > git rev-parse --show-toplevel [13ms]
2025-07-12 00:10:22.781 [info] fatal: not a git repository (or any of the parent directories): .git
2025-07-12 00:10:22.801 [info] > git rev-parse --show-toplevel [13ms]
2025-07-12 00:10:22.801 [info] fatal: not a git repository (or any of the parent directories): .git
2025-07-12 00:10:22.807 [info] > git rev-parse --show-toplevel [1ms]
2025-07-12 00:10:22.808 [info] fatal: not a git repository (or any of the parent directories): .git
2025-07-12 00:10:22.853 [info] > git rev-parse --show-toplevel [40ms]
2025-07-12 00:10:22.853 [info] fatal: not a git repository (or any of the parent directories): .git
2025-07-12 00:10:22.911 [info] > git rev-parse --show-toplevel [3ms]
2025-07-12 00:10:22.911 [info] fatal: not a git repository (or any of the parent directories): .git
2025-07-12 00:10:22.917 [info] > git rev-parse --show-toplevel [1ms]
2025-07-12 00:10:22.917 [info] fatal: not a git repository (or any of the parent directories): .git
2025-07-12 00:10:22.923 [info] > git rev-parse --show-toplevel [1ms]
2025-07-12 00:10:22.923 [info] fatal: not a git repository (or any of the parent directories): .git
2025-07-12 00:10:22.931 [info] > git rev-parse --show-toplevel [1ms]
2025-07-12 00:10:22.931 [info] fatal: not a git repository (or any of the parent directories): .git
2025-07-12 00:10:22.937 [info] > git rev-parse --show-toplevel [2ms]
2025-07-12 00:10:22.937 [info] fatal: not a git repository (or any of the parent directories): .git
2025-07-12 00:10:22.944 [info] > git rev-parse --show-toplevel [1ms]
2025-07-12 00:10:22.944 [info] fatal: not a git repository (or any of the parent directories): .git
2025-07-12 00:10:23.101 [info] > git rev-parse --show-toplevel [25ms]
2025-07-12 00:10:23.101 [info] fatal: not a git repository (or any of the parent directories): .git
2025-07-12 00:10:23.140 [info] > git rev-parse --show-toplevel [33ms]
2025-07-12 00:10:23.140 [info] fatal: not a git repository (or any of the parent directories): .git
2025-07-12 00:10:23.150 [info] > git rev-parse --show-toplevel [1ms]
2025-07-12 00:10:23.150 [info] fatal: not a git repository (or any of the parent directories): .git
2025-07-12 00:10:23.156 [info] > git rev-parse --show-toplevel [1ms]
2025-07-12 00:10:23.156 [info] fatal: not a git repository (or any of the parent directories): .git
2025-07-12 00:10:23.162 [info] > git rev-parse --show-toplevel [2ms]
2025-07-12 00:10:23.162 [info] fatal: not a git repository (or any of the parent directories): .git
2025-07-12 00:10:23.169 [info] > git rev-parse --show-toplevel [1ms]
2025-07-12 00:10:23.169 [info] fatal: not a git repository (or any of the parent directories): .git
2025-07-12 00:10:23.174 [info] > git rev-parse --show-toplevel [2ms]
2025-07-12 00:10:23.174 [info] fatal: not a git repository (or any of the parent directories): .git
2025-07-12 00:10:23.181 [info] > git rev-parse --show-toplevel [2ms]
2025-07-12 00:10:23.181 [info] fatal: not a git repository (or any of the parent directories): .git
2025-07-12 00:10:23.189 [info] > git rev-parse --show-toplevel [2ms]
2025-07-12 00:10:23.189 [info] fatal: not a git repository (or any of the parent directories): .git
2025-07-12 00:10:23.195 [info] > git rev-parse --show-toplevel [1ms]
2025-07-12 00:10:23.195 [info] fatal: not a git repository (or any of the parent directories): .git
2025-07-12 00:10:23.200 [info] > git rev-parse --show-toplevel [1ms]
2025-07-12 00:10:23.200 [info] fatal: not a git repository (or any of the parent directories): .git
2025-07-12 00:10:23.205 [info] > git rev-parse --show-toplevel [1ms]
2025-07-12 00:10:23.205 [info] fatal: not a git repository (or any of the parent directories): .git
2025-07-12 00:10:23.212 [info] > git rev-parse --show-toplevel [1ms]
2025-07-12 00:10:23.212 [info] fatal: not a git repository (or any of the parent directories): .git
2025-07-12 00:10:23.220 [info] > git rev-parse --show-toplevel [1ms]
2025-07-12 00:10:23.220 [info] fatal: not a git repository (or any of the parent directories): .git
2025-07-12 00:10:23.225 [info] > git rev-parse --show-toplevel [1ms]
2025-07-12 00:10:23.225 [info] fatal: not a git repository (or any of the parent directories): .git
2025-07-12 00:10:23.229 [info] > git rev-parse --show-toplevel [1ms]
2025-07-12 00:10:23.229 [info] fatal: not a git repository (or any of the parent directories): .git
2025-07-12 00:10:23.235 [info] > git rev-parse --show-toplevel [1ms]
2025-07-12 00:10:23.235 [info] fatal: not a git repository (or any of the parent directories): .git
2025-07-12 00:10:23.240 [info] > git rev-parse --show-toplevel [1ms]
2025-07-12 00:10:23.240 [info] fatal: not a git repository (or any of the parent directories): .git
2025-07-12 00:10:23.246 [info] > git rev-parse --show-toplevel [1ms]
2025-07-12 00:10:23.246 [info] fatal: not a git repository (or any of the parent directories): .git
2025-07-12 00:10:23.251 [info] > git rev-parse --show-toplevel [1ms]
2025-07-12 00:10:23.251 [info] fatal: not a git repository (or any of the parent directories): .git
2025-07-12 00:10:23.256 [info] > git rev-parse --show-toplevel [1ms]
2025-07-12 00:10:23.257 [info] fatal: not a git repository (or any of the parent directories): .git
2025-07-12 00:10:23.257 [info] [Model][doInitialScan] Initial repository scan completed - repositories (0), closed repositories (0), parent repositories (0), unsafe repositories (0)
2025-07-12 00:10:23.263 [info] > git rev-parse --show-toplevel [1ms]
2025-07-12 00:10:23.263 [info] fatal: not a git repository (or any of the parent directories): .git
2025-07-12 00:10:24.168 [info] > git rev-parse --show-toplevel [1ms]
2025-07-12 00:10:24.168 [info] fatal: not a git repository (or any of the parent directories): .git
2025-07-12 00:11:17.674 [info] > git rev-parse --show-toplevel [1ms]
2025-07-12 00:11:17.674 [info] fatal: not a git repository (or any of the parent directories): .git
2025-07-12 00:11:18.051 [info] > git rev-parse --show-toplevel [4ms]
2025-07-12 00:11:18.051 [info] fatal: not a git repository (or any of the parent directories): .git
2025-07-12 00:12:37.682 [info] > git rev-parse --show-toplevel [1ms]
2025-07-12 00:12:37.682 [info] fatal: not a git repository (or any of the parent directories): .git
2025-07-12 00:14:16.257 [info] > git rev-parse --show-toplevel [1ms]
2025-07-12 00:14:16.257 [info] fatal: not a git repository (or any of the parent directories): .git
2025-07-12 00:14:16.647 [info] > git rev-parse --show-toplevel [2ms]
2025-07-12 00:14:16.647 [info] fatal: not a git repository (or any of the parent directories): .git
2025-07-12 00:14:22.093 [info] > git rev-parse --show-toplevel [1ms]
2025-07-12 00:14:22.093 [info] fatal: not a git repository (or any of the parent directories): .git
2025-07-12 00:14:28.718 [info] > git rev-parse --show-toplevel [1ms]
2025-07-12 00:14:28.718 [info] fatal: not a git repository (or any of the parent directories): .git
2025-07-12 00:15:13.740 [info] > git rev-parse --show-toplevel [2ms]
2025-07-12 00:15:13.740 [info] fatal: not a git repository (or any of the parent directories): .git
2025-07-12 00:15:20.149 [info] > git rev-parse --show-toplevel [1ms]
2025-07-12 00:15:20.149 [info] fatal: not a git repository (or any of the parent directories): .git
2025-07-12 00:15:31.639 [info] > git rev-parse --show-toplevel [1ms]
2025-07-12 00:15:31.639 [info] fatal: not a git repository (or any of the parent directories): .git
2025-07-12 00:15:59.259 [info] > git rev-parse --show-toplevel [2ms]
2025-07-12 00:15:59.259 [info] fatal: not a git repository (or any of the parent directories): .git
2025-07-12 00:15:59.784 [info] > git rev-parse --show-toplevel [1ms]
2025-07-12 00:15:59.784 [info] fatal: not a git repository (or any of the parent directories): .git
2025-07-12 00:16:39.028 [info] > git rev-parse --show-toplevel [1ms]
2025-07-12 00:16:39.028 [info] fatal: not a git repository (or any of the parent directories): .git
2025-07-12 00:16:47.630 [info] > git rev-parse --show-toplevel [1ms]
2025-07-12 00:16:47.630 [info] fatal: not a git repository (or any of the parent directories): .git
2025-07-12 00:19:48.848 [info] > git rev-parse --show-toplevel [1ms]
2025-07-12 00:19:48.848 [info] fatal: not a git repository (or any of the parent directories): .git
2025-07-12 00:20:04.617 [info] > git rev-parse --show-toplevel [1ms]
2025-07-12 00:20:04.617 [info] fatal: not a git repository (or any of the parent directories): .git
2025-07-12 00:20:06.500 [info] > git rev-parse --show-toplevel [1ms]
2025-07-12 00:20:06.500 [info] fatal: not a git repository (or any of the parent directories): .git
2025-07-12 00:20:07.048 [info] > git rev-parse --show-toplevel [2ms]
2025-07-12 00:20:07.048 [info] fatal: not a git repository (or any of the parent directories): .git
2025-07-12 00:20:10.571 [info] > git rev-parse --show-toplevel [1ms]
2025-07-12 00:20:10.571 [info] fatal: not a git repository (or any of the parent directories): .git
2025-07-12 00:23:40.123 [info] > git rev-parse --show-toplevel [2ms]
2025-07-12 00:23:40.123 [info] fatal: not a git repository (or any of the parent directories): .git
2025-07-12 00:23:47.334 [info] > git rev-parse --show-toplevel [2ms]
2025-07-12 00:23:47.334 [info] fatal: not a git repository (or any of the parent directories): .git
2025-07-12 00:23:47.971 [info] > git rev-parse --show-toplevel [1ms]
2025-07-12 00:23:47.971 [info] fatal: not a git repository (or any of the parent directories): .git
2025-07-12 00:23:49.623 [info] > git rev-parse --show-toplevel [1ms]
2025-07-12 00:23:49.623 [info] fatal: not a git repository (or any of the parent directories): .git
2025-07-12 00:24:15.107 [info] > git rev-parse --show-toplevel [1ms]
2025-07-12 00:24:15.107 [info] fatal: not a git repository (or any of the parent directories): .git
2025-07-12 00:24:16.090 [info] > git rev-parse --show-toplevel [1ms]
2025-07-12 00:24:16.090 [info] fatal: not a git repository (or any of the parent directories): .git
2025-07-12 00:24:21.012 [info] > git rev-parse --show-toplevel [1ms]
2025-07-12 00:24:21.012 [info] fatal: not a git repository (or any of the parent directories): .git
2025-07-12 00:25:08.479 [info] > git rev-parse --show-toplevel [1ms]
2025-07-12 00:25:08.479 [info] fatal: not a git repository (or any of the parent directories): .git
2025-07-12 00:25:10.469 [info] > git rev-parse --show-toplevel [1ms]
2025-07-12 00:25:10.469 [info] fatal: not a git repository (or any of the parent directories): .git
2025-07-12 00:25:17.587 [info] > git rev-parse --show-toplevel [1ms]
2025-07-12 00:25:17.587 [info] fatal: not a git repository (or any of the parent directories): .git
2025-07-12 00:25:21.160 [info] > git rev-parse --show-toplevel [1ms]
2025-07-12 00:25:21.160 [info] fatal: not a git repository (or any of the parent directories): .git
2025-07-12 00:26:13.661 [info] > git rev-parse --show-toplevel [3ms]
2025-07-12 00:26:13.661 [info] fatal: not a git repository (or any of the parent directories): .git
2025-07-12 00:26:16.762 [info] > git rev-parse --show-toplevel [1ms]
2025-07-12 00:26:16.762 [info] fatal: not a git repository (or any of the parent directories): .git
2025-07-12 00:26:17.990 [info] > git rev-parse --show-toplevel [2ms]
2025-07-12 00:26:17.990 [info] fatal: not a git repository (or any of the parent directories): .git
2025-07-12 00:26:18.501 [info] > git rev-parse --show-toplevel [1ms]
2025-07-12 00:26:18.501 [info] fatal: not a git repository (or any of the parent directories): .git
2025-07-12 00:32:32.890 [info] > git rev-parse --show-toplevel [1ms]
2025-07-12 00:32:32.890 [info] fatal: not a git repository (or any of the parent directories): .git
2025-07-12 00:32:33.686 [info] > git rev-parse --show-toplevel [2ms]
2025-07-12 00:32:33.686 [info] fatal: not a git repository (or any of the parent directories): .git
2025-07-12 00:32:34.708 [info] > git rev-parse --show-toplevel [1ms]
2025-07-12 00:32:34.708 [info] fatal: not a git repository (or any of the parent directories): .git
2025-07-12 00:32:35.729 [info] > git rev-parse --show-toplevel [1ms]
2025-07-12 00:32:35.729 [info] fatal: not a git repository (or any of the parent directories): .git
2025-07-12 00:32:36.568 [info] > git rev-parse --show-toplevel [2ms]
2025-07-12 00:32:36.568 [info] fatal: not a git repository (or any of the parent directories): .git
2025-07-12 00:32:59.641 [info] > git rev-parse --show-toplevel [2ms]
2025-07-12 00:32:59.641 [info] fatal: not a git repository (or any of the parent directories): .git
2025-07-12 00:34:22.275 [info] > git rev-parse --show-toplevel [2ms]
2025-07-12 00:34:22.275 [info] fatal: not a git repository (or any of the parent directories): .git
2025-07-12 00:35:29.968 [info] > git rev-parse --show-toplevel [1ms]
2025-07-12 00:35:29.968 [info] fatal: not a git repository (or any of the parent directories): .git
2025-07-12 00:35:35.048 [info] > git rev-parse --show-toplevel [1ms]
2025-07-12 00:35:35.048 [info] fatal: not a git repository (or any of the parent directories): .git
2025-07-12 00:35:37.435 [info] > git rev-parse --show-toplevel [2ms]
2025-07-12 00:35:37.435 [info] fatal: not a git repository (or any of the parent directories): .git
2025-07-12 00:35:38.589 [info] > git rev-parse --show-toplevel [1ms]
2025-07-12 00:35:38.589 [info] fatal: not a git repository (or any of the parent directories): .git
2025-07-12 00:35:43.018 [info] > git rev-parse --show-toplevel [1ms]
2025-07-12 00:35:43.018 [info] fatal: not a git repository (or any of the parent directories): .git
2025-07-12 00:35:46.640 [info] > git rev-parse --show-toplevel [1ms]
2025-07-12 00:35:46.640 [info] fatal: not a git repository (or any of the parent directories): .git
2025-07-12 00:35:57.710 [info] > git rev-parse --show-toplevel [1ms]
2025-07-12 00:35:57.710 [info] fatal: not a git repository (or any of the parent directories): .git
2025-07-12 00:36:08.283 [info] > git rev-parse --show-toplevel [1ms]
2025-07-12 00:36:08.283 [info] fatal: not a git repository (or any of the parent directories): .git
2025-07-12 00:36:56.051 [info] > git rev-parse --show-toplevel [1ms]
2025-07-12 00:36:56.051 [info] fatal: not a git repository (or any of the parent directories): .git
2025-07-12 00:37:30.206 [info] > git rev-parse --show-toplevel [2ms]
2025-07-12 00:37:30.206 [info] fatal: not a git repository (or any of the parent directories): .git
2025-07-12 00:37:31.670 [info] > git rev-parse --show-toplevel [1ms]
2025-07-12 00:37:31.670 [info] fatal: not a git repository (or any of the parent directories): .git
2025-07-12 00:37:32.580 [info] > git rev-parse --show-toplevel [1ms]
2025-07-12 00:37:32.580 [info] fatal: not a git repository (or any of the parent directories): .git
2025-07-12 00:37:33.656 [info] > git rev-parse --show-toplevel [1ms]
2025-07-12 00:37:33.656 [info] fatal: not a git repository (or any of the parent directories): .git
2025-07-12 00:37:34.422 [info] > git rev-parse --show-toplevel [1ms]
2025-07-12 00:37:34.422 [info] fatal: not a git repository (or any of the parent directories): .git
2025-07-12 00:37:36.030 [info] > git rev-parse --show-toplevel [2ms]
2025-07-12 00:37:36.030 [info] fatal: not a git repository (or any of the parent directories): .git
2025-07-12 00:37:36.918 [info] > git rev-parse --show-toplevel [1ms]
2025-07-12 00:37:36.918 [info] fatal: not a git repository (or any of the parent directories): .git
2025-07-12 00:37:37.888 [info] > git rev-parse --show-toplevel [2ms]
2025-07-12 00:37:37.888 [info] fatal: not a git repository (or any of the parent directories): .git
2025-07-12 00:37:39.594 [info] > git rev-parse --show-toplevel [1ms]
2025-07-12 00:37:39.594 [info] fatal: not a git repository (or any of the parent directories): .git
2025-07-12 00:37:40.283 [info] > git rev-parse --show-toplevel [1ms]
2025-07-12 00:37:40.283 [info] fatal: not a git repository (or any of the parent directories): .git
2025-07-12 00:38:45.841 [info] > git rev-parse --show-toplevel [1ms]
2025-07-12 00:38:45.841 [info] fatal: not a git repository (or any of the parent directories): .git
2025-07-12 10:52:35.542 [info] > git rev-parse --show-toplevel [1ms]
2025-07-12 10:52:35.543 [info] fatal: not a git repository (or any of the parent directories): .git
2025-07-12 10:52:35.861 [info] > git rev-parse --show-toplevel [1ms]
2025-07-12 10:52:35.861 [info] fatal: not a git repository (or any of the parent directories): .git
2025-07-12 14:19:30.078 [info] > git rev-parse --show-toplevel [1ms]
2025-07-12 14:19:30.078 [info] fatal: not a git repository (or any of the parent directories): .git
2025-07-12 14:19:31.705 [info] > git rev-parse --show-toplevel [1ms]
2025-07-12 14:19:31.705 [info] fatal: not a git repository (or any of the parent directories): .git
2025-07-12 14:19:35.493 [info] > git rev-parse --show-toplevel [0ms]
2025-07-12 14:19:35.493 [info] fatal: not a git repository (or any of the parent directories): .git
2025-07-12 14:20:01.533 [info] > git rev-parse --show-toplevel [1ms]
2025-07-12 14:20:01.533 [info] fatal: not a git repository (or any of the parent directories): .git
