2025-07-21 01:10:37.089 [info] [main] Log level: Info
2025-07-21 01:10:37.089 [info] [main] Validating found git in: "git"
2025-07-21 01:10:37.089 [info] [main] Using git "2.50.0" from "git"
2025-07-21 01:10:37.089 [info] [Model][doInitialScan] Initial repository scan started
2025-07-21 01:10:37.089 [info] > git rev-parse --show-toplevel [8ms]
2025-07-21 01:10:37.089 [info] > git rev-parse --git-dir --git-common-dir [2ms]
2025-07-21 01:10:37.089 [info] [Model][openRepository] Opened repository (path): /home/Raj/Documents/Github/Dotfiles
2025-07-21 01:10:37.089 [info] [Model][openRepository] Opened repository (real path): /home/Raj/Documents/Github/Dotfiles
2025-07-21 01:10:37.089 [info] > git rev-parse --show-toplevel [4ms]
2025-07-21 01:10:37.089 [info] > git config --get commit.template [8ms]
2025-07-21 01:10:37.089 [info] > git rev-parse --show-toplevel [6ms]
2025-07-21 01:10:37.089 [info] > git for-each-ref --format=%(refname)%00%(upstream:short)%00%(objectname)%00%(upstream:track)%00%(upstream:remotename)%00%(upstream:remoteref) refs/heads/main refs/remotes/main [5ms]
2025-07-21 01:10:37.089 [info] > git rev-parse --show-toplevel [1ms]
2025-07-21 01:10:37.089 [info] > git rev-parse --show-toplevel [11ms]
2025-07-21 01:10:37.089 [info] [Model][doInitialScan] Initial repository scan completed - repositories (1), closed repositories (0), parent repositories (0), unsafe repositories (0)
2025-07-21 01:10:37.089 [info] > git for-each-ref --sort -committerdate --format %(refname)%00%(objectname)%00%(*objectname) [10ms]
2025-07-21 01:10:37.116 [info] > git status -z -uall [43ms]
2025-07-21 01:10:37.566 [info] > git for-each-ref --format=%(refname)%00%(upstream:short)%00%(objectname)%00%(upstream:track)%00%(upstream:remotename)%00%(upstream:remoteref) refs/heads/main refs/remotes/main [382ms]
2025-07-21 01:10:37.580 [info] > git check-ignore -v -z --stdin [5ms]
2025-07-21 01:10:37.581 [info] > git config --get --local branch.main.vscode-merge-base [9ms]
2025-07-21 01:10:37.581 [warning] [Git][config] git config failed: Failed to execute git
2025-07-21 01:10:37.588 [info] > git config --get commit.template [22ms]
2025-07-21 01:10:37.594 [info] > git reflog main --grep-reflog=branch: Created from *. [7ms]
2025-07-21 01:10:37.600 [info] > git for-each-ref --format=%(refname)%00%(upstream:short)%00%(objectname)%00%(upstream:track)%00%(upstream:remotename)%00%(upstream:remoteref) refs/heads/main refs/remotes/main [7ms]
2025-07-21 01:10:37.601 [info] > git symbolic-ref --short refs/remotes/origin/HEAD [2ms]
2025-07-21 01:10:37.617 [info] > git for-each-ref --sort -committerdate --format %(refname)%00%(objectname)%00%(*objectname) [2ms]
2025-07-21 01:10:37.618 [info] > git for-each-ref --format=%(refname)%00%(upstream:short)%00%(objectname)%00%(upstream:track)%00%(upstream:remotename)%00%(upstream:remoteref) refs/heads/origin/main refs/remotes/origin/main [13ms]
2025-07-21 01:10:37.625 [info] > git config --add --local branch.main.vscode-merge-base origin/main [3ms]
2025-07-21 01:10:37.638 [info] > git status -z -uall [29ms] (cancelled)
2025-07-21 01:10:37.638 [info] > git for-each-ref --format=%(refname)%00%(upstream:short)%00%(objectname)%00%(upstream:track)%00%(upstream:remotename)%00%(upstream:remoteref) refs/heads/main refs/remotes/main [8ms]
2025-07-21 01:10:37.646 [info] > git config --get --local branch.main.vscode-merge-base [2ms]
2025-07-21 01:10:37.651 [info] > git config --get commit.template [13ms]
2025-07-21 01:10:37.652 [info] > git for-each-ref --format=%(refname)%00%(upstream:short)%00%(objectname)%00%(upstream:track)%00%(upstream:remotename)%00%(upstream:remoteref) refs/heads/origin/main refs/remotes/origin/main [2ms]
2025-07-21 01:10:37.685 [info] > git for-each-ref --format=%(refname)%00%(upstream:short)%00%(objectname)%00%(upstream:track)%00%(upstream:remotename)%00%(upstream:remoteref) refs/heads/main refs/remotes/main [23ms]
2025-07-21 01:10:37.685 [info] > git merge-base refs/heads/main refs/remotes/origin/main [27ms]
2025-07-21 01:10:37.692 [info] > git diff --name-status -z --diff-filter=ADMR c73d7053f16acdc165813d94590ca191a38f4249...refs/remotes/origin/main [3ms]
2025-07-21 01:10:37.707 [info] > git for-each-ref --sort -committerdate --format %(refname)%00%(objectname)%00%(*objectname) [3ms]
2025-07-21 01:10:37.715 [info] > git status -z -uall [17ms]
2025-07-21 01:10:38.731 [info] > git check-ignore -v -z --stdin [3ms]
2025-07-21 01:10:41.019 [info] > git check-ignore -v -z --stdin [2ms]
2025-07-21 01:10:44.979 [info] > git check-ignore -v -z --stdin [1ms]
2025-07-21 01:10:50.096 [info] > git check-ignore -v -z --stdin [2ms]
