2025-07-20 13:41:04.648 [info] Extension host with pid 125795 started
2025-07-20 13:41:04.648 [info] Skipping acquiring lock for /home/Raj/.config/Code - OSS/User/workspaceStorage/a96ee32ffe3f38a38ad8dca61a4fb4dc.
2025-07-20 13:41:04.928 [info] ExtensionService#_doActivateExtension vscode.emmet, startup: false, activationEvent: 'onLanguage'
2025-07-20 13:41:05.106 [info] ExtensionService#_doActivateExtension vscode.git-base, startup: true, activationEvent: '*', root cause: vscode.git
2025-07-20 13:41:05.117 [info] ExtensionService#_doActivateExtension vscode.git, startup: true, activationEvent: '*'
2025-07-20 13:41:05.175 [info] ExtensionService#_doActivateExtension vscode.github, startup: true, activationEvent: '*'
2025-07-20 13:41:05.269 [info] Eager extensions activated
2025-07-20 13:41:05.304 [info] ExtensionService#_doActivateExtension vscode.debug-auto-launch, startup: false, activationEvent: 'onStartupFinished'
2025-07-20 13:41:05.306 [info] ExtensionService#_doActivateExtension vscode.merge-conflict, startup: false, activationEvent: 'onStartupFinished'
2025-07-20 13:41:05.327 [info] ExtensionService#_doActivateExtension castrogusttavo.symbols, startup: false, activationEvent: 'onStartupFinished'
2025-07-20 13:41:05.408 [info] ExtensionService#_doActivateExtension vscode.configuration-editing, startup: false, activationEvent: 'onLanguage:jsonc'
2025-07-20 13:41:05.417 [info] ExtensionService#_doActivateExtension vscode.json-language-features, startup: false, activationEvent: 'onLanguage:jsonc'
2025-07-20 13:41:05.487 [info] ExtensionService#_doActivateExtension vscode.typescript-language-features, startup: false, activationEvent: 'onLanguage:jsonc'
2025-07-21 00:45:42.010 [info] ExtensionService#_doActivateExtension vscode.css-language-features, startup: false, activationEvent: 'onLanguage:scss'
2025-07-21 00:46:26.256 [info] ExtensionService#_doActivateExtension eww-yuck.yuck, startup: false, activationEvent: 'onLanguage:yuck'
2025-07-21 00:58:18.222 [info] Extension host terminating: renderer closed the MessagePort
2025-07-21 00:58:18.231 [info] Extension host with pid 125795 exiting with code 0
2025-07-21 00:58:19.725 [info] Extension host with pid 252354 started
2025-07-21 00:58:19.725 [info] Skipping acquiring lock for /home/Raj/.config/Code - OSS/User/workspaceStorage/7196c66bbe737cfdb413f999d9263aab.
2025-07-21 00:58:19.828 [info] ExtensionService#_doActivateExtension vscode.configuration-editing, startup: false, activationEvent: 'onLanguage:jsonc'
2025-07-21 00:58:19.846 [info] ExtensionService#_doActivateExtension vscode.json-language-features, startup: false, activationEvent: 'onLanguage:jsonc'
2025-07-21 00:58:19.941 [info] ExtensionService#_doActivateExtension vscode.typescript-language-features, startup: false, activationEvent: 'onLanguage:jsonc'
2025-07-21 00:58:19.994 [info] ExtensionService#_doActivateExtension vscode.emmet, startup: false, activationEvent: 'onLanguage'
2025-07-21 00:58:20.237 [info] ExtensionService#_doActivateExtension vscode.git-base, startup: true, activationEvent: '*', root cause: vscode.git
2025-07-21 00:58:20.240 [info] ExtensionService#_doActivateExtension vscode.git, startup: true, activationEvent: '*'
2025-07-21 00:58:20.281 [info] ExtensionService#_doActivateExtension vscode.github, startup: true, activationEvent: '*'
2025-07-21 00:58:20.371 [info] Eager extensions activated
2025-07-21 00:58:20.372 [info] ExtensionService#_doActivateExtension vscode.debug-auto-launch, startup: false, activationEvent: 'onStartupFinished'
2025-07-21 00:58:20.374 [info] ExtensionService#_doActivateExtension vscode.merge-conflict, startup: false, activationEvent: 'onStartupFinished'
2025-07-21 00:58:20.392 [info] ExtensionService#_doActivateExtension castrogusttavo.symbols, startup: false, activationEvent: 'onStartupFinished'
2025-07-21 01:01:33.139 [info] ExtensionService#_doActivateExtension theqtcompany.qt-core, startup: false, activationEvent: 'onLanguage:qml', root cause: theqtcompany.qt-qml
2025-07-21 01:01:33.247 [info] ExtensionService#_doActivateExtension theqtcompany.qt-qml, startup: false, activationEvent: 'onLanguage:qml'
2025-07-21 01:01:38.348 [warning] The task [Qt, Acquire Port] uses an undefined task type. The task will be ignored in the future.
2025-07-21 01:01:40.379 [info] ExtensionService#_doActivateExtension ms-vscode.js-debug, startup: false, activationEvent: 'onDebugInitialConfigurations'
2025-07-21 01:01:41.843 [info] ExtensionService#_doActivateExtension vscode.debug-server-ready, startup: false, activationEvent: 'onDebugResolve'
2025-07-21 01:02:34.264 [info] Extension host terminating: renderer closed the MessagePort
2025-07-21 01:02:34.283 [info] Extension host with pid 252354 exiting with code 0
