2025-07-14 10:47:33.827 [info] Extension host with pid 211350 started
2025-07-14 10:47:33.843 [info] ExtensionService#_doActivateExtension vscode.configuration-editing, startup: false, activationEvent: 'onLanguage:jsonc'
2025-07-14 10:47:33.854 [info] ExtensionService#_doActivateExtension vscode.json-language-features, startup: false, activationEvent: 'onLanguage:jsonc'
2025-07-14 10:47:33.918 [info] ExtensionService#_doActivateExtension vscode.typescript-language-features, startup: false, activationEvent: 'onLanguage:jsonc'
2025-07-14 10:47:33.984 [info] ExtensionService#_doActivateExtension vscode.emmet, startup: false, activationEvent: 'onLanguage'
2025-07-14 10:47:34.246 [info] ExtensionService#_doActivateExtension vscode.git-base, startup: true, activationEvent: '*', root cause: vscode.git
2025-07-14 10:47:34.250 [info] ExtensionService#_doActivateExtension vscode.git, startup: true, activationEvent: '*'
2025-07-14 10:47:34.292 [info] ExtensionService#_doActivateExtension vscode.github, startup: true, activationEvent: '*'
2025-07-14 10:47:34.361 [info] Eager extensions activated
2025-07-14 10:47:34.363 [info] ExtensionService#_doActivateExtension vscode.debug-auto-launch, startup: false, activationEvent: 'onStartupFinished'
2025-07-14 10:47:34.366 [info] ExtensionService#_doActivateExtension vscode.merge-conflict, startup: false, activationEvent: 'onStartupFinished'
2025-07-14 10:47:34.384 [info] ExtensionService#_doActivateExtension castrogusttavo.symbols, startup: false, activationEvent: 'onStartupFinished'
2025-07-14 10:48:58.760 [info] Extension host terminating: renderer closed the MessagePort
2025-07-14 10:48:58.769 [info] Extension host with pid 211350 exiting with code 0
2025-07-14 10:48:59.932 [info] Extension host with pid 211768 started
2025-07-14 10:48:59.932 [info] Skipping acquiring lock for /home/Raj/.config/Code - OSS/User/workspaceStorage/e2ec3aabc343fc8ca5eae4fbc05aeaeb.
2025-07-14 10:49:00.067 [info] ExtensionService#_doActivateExtension vscode.emmet, startup: false, activationEvent: 'onLanguage'
2025-07-14 10:49:00.100 [info] ExtensionService#_doActivateExtension vscode.html-language-features, startup: false, activationEvent: 'onLanguage:html'
2025-07-14 10:49:00.462 [info] ExtensionService#_doActivateExtension vscode.configuration-editing, startup: false, activationEvent: 'onLanguage:jsonc'
2025-07-14 10:49:00.476 [info] ExtensionService#_doActivateExtension vscode.json-language-features, startup: false, activationEvent: 'onLanguage:jsonc'
2025-07-14 10:49:00.555 [info] ExtensionService#_doActivateExtension vscode.typescript-language-features, startup: false, activationEvent: 'onLanguage:jsonc'
2025-07-14 10:49:00.850 [info] ExtensionService#_doActivateExtension vscode.git-base, startup: true, activationEvent: '*', root cause: vscode.git
2025-07-14 10:49:00.857 [info] ExtensionService#_doActivateExtension vscode.git, startup: true, activationEvent: '*'
2025-07-14 10:49:00.931 [info] ExtensionService#_doActivateExtension vscode.github, startup: true, activationEvent: '*'
2025-07-14 10:49:01.062 [info] Eager extensions activated
2025-07-14 10:49:01.064 [info] ExtensionService#_doActivateExtension vscode.debug-auto-launch, startup: false, activationEvent: 'onStartupFinished'
2025-07-14 10:49:01.066 [info] ExtensionService#_doActivateExtension vscode.merge-conflict, startup: false, activationEvent: 'onStartupFinished'
2025-07-14 10:49:01.086 [info] ExtensionService#_doActivateExtension castrogusttavo.symbols, startup: false, activationEvent: 'onStartupFinished'
2025-07-14 20:08:58.180 [info] Extension host terminating: renderer closed the MessagePort
2025-07-14 20:08:58.193 [info] Extension host with pid 211768 exiting with code 0
