[INFO 10:49:01 AM] miguelsolorio.symbols activated
[INFO 10:49:01 AM] symbols.hidesExplorerArrows changed, updating to false
[INFO 10:49:01 AM] symbols.folders.associations changed, updating to undefined
[INFO 10:49:01 AM] symbols.files.associations changed, updating to undefined
[INFO 10:49:01 AM] symbols.hidesExplorerArrows changed, updating to false
[INFO 10:49:01 AM] symbols.folders.associations changed, updating to undefined
[INFO 10:49:01 AM] symbols.files.associations changed, updating to undefined
[INFO 10:49:04 AM] symbols.hidesExplorerArrows changed, updating to false
[INFO 10:49:04 AM] symbols.folders.associations changed, updating to undefined
[INFO 10:49:04 AM] symbols.files.associations changed, updating to undefined
[INFO 10:49:06 AM] symbols.hidesExplorerArrows changed, updating to false
[INFO 10:49:06 AM] symbols.folders.associations changed, updating to undefined
[INFO 10:49:06 AM] symbols.files.associations changed, updating to undefined
[INFO 10:49:14 AM] symbols.hidesExplorerArrows changed, updating to false
[INFO 10:49:14 AM] symbols.folders.associations changed, updating to undefined
[INFO 10:49:14 AM] symbols.files.associations changed, updating to undefined
[INFO 10:49:24 AM] symbols.hidesExplorerArrows changed, updating to false
[INFO 10:49:24 AM] symbols.folders.associations changed, updating to undefined
[INFO 10:49:24 AM] symbols.files.associations changed, updating to undefined
[INFO 10:52:06 AM] symbols.hidesExplorerArrows changed, updating to false
[INFO 10:52:06 AM] symbols.folders.associations changed, updating to undefined
[INFO 10:52:06 AM] symbols.files.associations changed, updating to undefined
[INFO 10:52:19 AM] symbols.hidesExplorerArrows changed, updating to false
[INFO 10:52:19 AM] symbols.folders.associations changed, updating to undefined
[INFO 10:52:19 AM] symbols.files.associations changed, updating to undefined
[INFO 10:53:47 AM] symbols.hidesExplorerArrows changed, updating to false
[INFO 10:53:47 AM] symbols.folders.associations changed, updating to undefined
[INFO 10:53:47 AM] symbols.files.associations changed, updating to undefined
[INFO 10:53:48 AM] symbols.hidesExplorerArrows changed, updating to false
[INFO 10:53:48 AM] symbols.folders.associations changed, updating to undefined
[INFO 10:53:48 AM] symbols.files.associations changed, updating to undefined
[INFO 10:54:12 AM] symbols.hidesExplorerArrows changed, updating to false
[INFO 10:54:12 AM] symbols.folders.associations changed, updating to undefined
[INFO 10:54:12 AM] symbols.files.associations changed, updating to undefined
[INFO 10:54:30 AM] symbols.hidesExplorerArrows changed, updating to false
[INFO 10:54:30 AM] symbols.folders.associations changed, updating to undefined
[INFO 10:54:30 AM] symbols.files.associations changed, updating to undefined
[INFO 10:54:40 AM] symbols.hidesExplorerArrows changed, updating to false
[INFO 10:54:40 AM] symbols.folders.associations changed, updating to undefined
[INFO 10:54:40 AM] symbols.files.associations changed, updating to undefined
[INFO 10:54:56 AM] symbols.hidesExplorerArrows changed, updating to false
[INFO 10:54:56 AM] symbols.folders.associations changed, updating to undefined
[INFO 10:54:56 AM] symbols.files.associations changed, updating to undefined
[INFO 10:55:57 AM] symbols.hidesExplorerArrows changed, updating to false
[INFO 10:55:57 AM] symbols.folders.associations changed, updating to undefined
[INFO 10:55:57 AM] symbols.files.associations changed, updating to undefined
[INFO 10:56:17 AM] symbols.hidesExplorerArrows changed, updating to false
[INFO 10:56:17 AM] symbols.folders.associations changed, updating to undefined
[INFO 10:56:17 AM] symbols.files.associations changed, updating to undefined
[INFO 10:58:00 AM] symbols.hidesExplorerArrows changed, updating to false
[INFO 10:58:00 AM] symbols.folders.associations changed, updating to undefined
[INFO 10:58:00 AM] symbols.files.associations changed, updating to undefined
[INFO 10:58:01 AM] symbols.hidesExplorerArrows changed, updating to false
[INFO 10:58:01 AM] symbols.folders.associations changed, updating to undefined
[INFO 10:58:01 AM] symbols.files.associations changed, updating to undefined
[INFO 10:58:13 AM] symbols.hidesExplorerArrows changed, updating to false
[INFO 10:58:13 AM] symbols.folders.associations changed, updating to undefined
[INFO 10:58:13 AM] symbols.files.associations changed, updating to undefined
[INFO 10:58:33 AM] symbols.hidesExplorerArrows changed, updating to false
[INFO 10:58:33 AM] symbols.folders.associations changed, updating to undefined
[INFO 10:58:33 AM] symbols.files.associations changed, updating to undefined
[INFO 10:58:34 AM] symbols.hidesExplorerArrows changed, updating to false
[INFO 10:58:34 AM] symbols.folders.associations changed, updating to undefined
[INFO 10:58:34 AM] symbols.files.associations changed, updating to undefined
[INFO 10:58:48 AM] symbols.hidesExplorerArrows changed, updating to false
[INFO 10:58:48 AM] symbols.folders.associations changed, updating to undefined
[INFO 10:58:48 AM] symbols.files.associations changed, updating to undefined
[INFO 10:59:16 AM] symbols.hidesExplorerArrows changed, updating to false
[INFO 10:59:16 AM] symbols.folders.associations changed, updating to undefined
[INFO 10:59:16 AM] symbols.files.associations changed, updating to undefined
[INFO 10:59:42 AM] symbols.hidesExplorerArrows changed, updating to false
[INFO 10:59:42 AM] symbols.folders.associations changed, updating to undefined
[INFO 10:59:42 AM] symbols.files.associations changed, updating to undefined
[INFO 11:00:05 AM] symbols.hidesExplorerArrows changed, updating to false
[INFO 11:00:05 AM] symbols.folders.associations changed, updating to undefined
[INFO 11:00:05 AM] symbols.files.associations changed, updating to undefined
[INFO 11:00:20 AM] symbols.hidesExplorerArrows changed, updating to false
[INFO 11:00:20 AM] symbols.folders.associations changed, updating to undefined
[INFO 11:00:20 AM] symbols.files.associations changed, updating to undefined
[INFO 11:00:42 AM] symbols.hidesExplorerArrows changed, updating to false
[INFO 11:00:42 AM] symbols.folders.associations changed, updating to undefined
[INFO 11:00:42 AM] symbols.files.associations changed, updating to undefined
[INFO 11:00:49 AM] symbols.hidesExplorerArrows changed, updating to false
[INFO 11:00:49 AM] symbols.folders.associations changed, updating to undefined
[INFO 11:00:49 AM] symbols.files.associations changed, updating to undefined
[INFO 11:01:09 AM] symbols.hidesExplorerArrows changed, updating to false
[INFO 11:01:09 AM] symbols.folders.associations changed, updating to undefined
[INFO 11:01:09 AM] symbols.files.associations changed, updating to undefined
[INFO 11:01:53 AM] symbols.hidesExplorerArrows changed, updating to false
[INFO 11:01:53 AM] symbols.folders.associations changed, updating to undefined
[INFO 11:01:53 AM] symbols.files.associations changed, updating to undefined
[INFO 11:03:52 AM] symbols.hidesExplorerArrows changed, updating to false
[INFO 11:03:52 AM] symbols.folders.associations changed, updating to undefined
[INFO 11:03:52 AM] symbols.files.associations changed, updating to undefined
[INFO 11:04:06 AM] symbols.hidesExplorerArrows changed, updating to false
[INFO 11:04:06 AM] symbols.folders.associations changed, updating to undefined
[INFO 11:04:06 AM] symbols.files.associations changed, updating to undefined
[INFO 11:04:16 AM] symbols.hidesExplorerArrows changed, updating to false
[INFO 11:04:16 AM] symbols.folders.associations changed, updating to undefined
[INFO 11:04:16 AM] symbols.files.associations changed, updating to undefined
[INFO 11:04:25 AM] symbols.hidesExplorerArrows changed, updating to false
[INFO 11:04:25 AM] symbols.folders.associations changed, updating to undefined
[INFO 11:04:25 AM] symbols.files.associations changed, updating to undefined
[INFO 11:04:27 AM] symbols.hidesExplorerArrows changed, updating to false
[INFO 11:04:27 AM] symbols.folders.associations changed, updating to undefined
[INFO 11:04:27 AM] symbols.files.associations changed, updating to undefined
[INFO 11:05:18 AM] symbols.hidesExplorerArrows changed, updating to false
[INFO 11:05:18 AM] symbols.folders.associations changed, updating to undefined
[INFO 11:05:18 AM] symbols.files.associations changed, updating to undefined
[INFO 11:05:24 AM] symbols.hidesExplorerArrows changed, updating to false
[INFO 11:05:24 AM] symbols.folders.associations changed, updating to undefined
[INFO 11:05:24 AM] symbols.files.associations changed, updating to undefined
[INFO 11:07:01 AM] symbols.hidesExplorerArrows changed, updating to false
[INFO 11:07:01 AM] symbols.folders.associations changed, updating to undefined
[INFO 11:07:01 AM] symbols.files.associations changed, updating to undefined
[INFO 11:07:05 AM] symbols.hidesExplorerArrows changed, updating to false
[INFO 11:07:05 AM] symbols.folders.associations changed, updating to undefined
[INFO 11:07:05 AM] symbols.files.associations changed, updating to undefined
[INFO 11:07:35 AM] symbols.hidesExplorerArrows changed, updating to false
[INFO 11:07:35 AM] symbols.folders.associations changed, updating to undefined
[INFO 11:07:35 AM] symbols.files.associations changed, updating to undefined
[INFO 11:09:00 AM] symbols.hidesExplorerArrows changed, updating to false
[INFO 11:09:00 AM] symbols.folders.associations changed, updating to undefined
[INFO 11:09:00 AM] symbols.files.associations changed, updating to undefined
[INFO 11:09:21 AM] symbols.hidesExplorerArrows changed, updating to false
[INFO 11:09:21 AM] symbols.folders.associations changed, updating to undefined
[INFO 11:09:21 AM] symbols.files.associations changed, updating to undefined
[INFO 11:10:09 AM] symbols.hidesExplorerArrows changed, updating to false
[INFO 11:10:09 AM] symbols.folders.associations changed, updating to undefined
[INFO 11:10:09 AM] symbols.files.associations changed, updating to undefined
[INFO 11:10:29 AM] symbols.hidesExplorerArrows changed, updating to false
[INFO 11:10:29 AM] symbols.folders.associations changed, updating to undefined
[INFO 11:10:29 AM] symbols.files.associations changed, updating to undefined
[INFO 1:00:06 PM] symbols.hidesExplorerArrows changed, updating to false
[INFO 1:00:06 PM] symbols.folders.associations changed, updating to undefined
[INFO 1:00:06 PM] symbols.files.associations changed, updating to undefined
[INFO 1:00:10 PM] symbols.hidesExplorerArrows changed, updating to false
[INFO 1:00:10 PM] symbols.folders.associations changed, updating to undefined
[INFO 1:00:10 PM] symbols.files.associations changed, updating to undefined
[INFO 7:48:38 PM] symbols.hidesExplorerArrows changed, updating to false
[INFO 7:48:38 PM] symbols.folders.associations changed, updating to undefined
[INFO 7:48:38 PM] symbols.files.associations changed, updating to undefined
[INFO 7:48:41 PM] symbols.hidesExplorerArrows changed, updating to false
[INFO 7:48:41 PM] symbols.folders.associations changed, updating to undefined
[INFO 7:48:41 PM] symbols.files.associations changed, updating to undefined
[INFO 8:07:40 PM] symbols.hidesExplorerArrows changed, updating to false
[INFO 8:07:40 PM] symbols.folders.associations changed, updating to undefined
[INFO 8:07:40 PM] symbols.files.associations changed, updating to undefined
[INFO 8:07:57 PM] symbols.hidesExplorerArrows changed, updating to false
[INFO 8:07:57 PM] symbols.folders.associations changed, updating to undefined
[INFO 8:07:57 PM] symbols.files.associations changed, updating to undefined
[INFO 8:08:09 PM] symbols.hidesExplorerArrows changed, updating to false
[INFO 8:08:09 PM] symbols.folders.associations changed, updating to undefined
[INFO 8:08:09 PM] symbols.files.associations changed, updating to undefined
[INFO 8:08:35 PM] symbols.hidesExplorerArrows changed, updating to false
[INFO 8:08:35 PM] symbols.folders.associations changed, updating to undefined
[INFO 8:08:35 PM] symbols.files.associations changed, updating to undefined
[INFO 8:08:57 PM] symbols.hidesExplorerArrows changed, updating to false
[INFO 8:08:57 PM] symbols.folders.associations changed, updating to undefined
[INFO 8:08:57 PM] symbols.files.associations changed, updating to undefined
