2025-07-13 19:06:26.512 [info] Started local extension host with pid 16370.
2025-07-13 19:06:26.533 [info] ComputeTargetPlatform: linux-x64
2025-07-13 19:06:29.234 [info] [perf] Render performance baseline is 27ms
2025-07-13 19:06:30.126 [error] Error while getting the latest version for the extension eww-yuck.yuck. Unexpected token '<', "<!DOCTYPE "... is not valid JSON:
<!DOCTYPE html>
<html lang="en">

<head>
    <title>Open VSX Registry</title>
    <meta charset="UTF-8">
    <meta name="viewport" content="width=device-width, initial-scale=1">
    <link rel="stylesheet" href="https://fonts.googleapis.com/css?family=Roboto:300,400,500,700&display=swap" />

    <!-- Google Tag Manager -->
    <script>(function(w,d,s,l,i){w[l]=w[l]||[];w[l].push({'gtm.start':
    new Date().getTime(),event:'gtm.js'});var f=d.getElementsByTagName(s)[0],
    j=d.createElement(s),dl=l!='dataLayer'?'&l='+l:'';j.async=true;j.src=
    'https://www.googletagmanager.com/gtm.js?id='+i+dl;f.parentNode.insertBefore(j,f);
    })(window,document,'script','dataLayer','GTM-5WLCZXC');</script>

    <!-- Eclipse Cookie Consent -->
    <link rel="stylesheet" type="text/css"
        href="//www.eclipse.org/eclipse.org-common/themes/solstice/public/stylesheets/vendor/cookieconsent/cookieconsent.min.css" />
    <script
        src="//www.eclipse.org/eclipse.org-common/themes/solstice/public/javascript/vendor/cookieconsent/default.min.js">
    </script>
    <style>
        a.cc-btn.cc-allow {
            background-color: #c160ef;
        }
        a.cc-btn.cc-allow:hover, a.cc-btn.cc-allow:focus {
            background-color: #444;
        }
        .cc-revoke {
            display: none !important;
        }
        @media (prefers-color-scheme: dark) {
          body {
            background-color: #121212;
          }
        }
    </style>
</head>

<body>
    <!-- Google Tag Manager (noscript) -->
    <noscript><iframe title="Google Tag Manager" src="https://www.googletagmanager.com/ns.html?id=GTM-5WLCZXC" height="0" width="0" style="display:none;visibility:hidden"></iframe></noscript>
    <!-- End Google Tag Manager (noscript) -->
    <div id="main"></div>
    <script src='/bundle.js' ></script>
</body>

</html>

2025-07-13 19:06:30.287 [error] Error while getting the latest version for the extension castrogusttavo.symbols. Unexpected token '<', "<!DOCTYPE "... is not valid JSON:
<!DOCTYPE html>
<html lang="en">

<head>
    <title>Open VSX Registry</title>
    <meta charset="UTF-8">
    <meta name="viewport" content="width=device-width, initial-scale=1">
    <link rel="stylesheet" href="https://fonts.googleapis.com/css?family=Roboto:300,400,500,700&display=swap" />

    <!-- Google Tag Manager -->
    <script>(function(w,d,s,l,i){w[l]=w[l]||[];w[l].push({'gtm.start':
    new Date().getTime(),event:'gtm.js'});var f=d.getElementsByTagName(s)[0],
    j=d.createElement(s),dl=l!='dataLayer'?'&l='+l:'';j.async=true;j.src=
    'https://www.googletagmanager.com/gtm.js?id='+i+dl;f.parentNode.insertBefore(j,f);
    })(window,document,'script','dataLayer','GTM-5WLCZXC');</script>

    <!-- Eclipse Cookie Consent -->
    <link rel="stylesheet" type="text/css"
        href="//www.eclipse.org/eclipse.org-common/themes/solstice/public/stylesheets/vendor/cookieconsent/cookieconsent.min.css" />
    <script
        src="//www.eclipse.org/eclipse.org-common/themes/solstice/public/javascript/vendor/cookieconsent/default.min.js">
    </script>
    <style>
        a.cc-btn.cc-allow {
            background-color: #c160ef;
        }
        a.cc-btn.cc-allow:hover, a.cc-btn.cc-allow:focus {
            background-color: #444;
        }
        .cc-revoke {
            display: none !important;
        }
        @media (prefers-color-scheme: dark) {
          body {
            background-color: #121212;
          }
        }
    </style>
</head>

<body>
    <!-- Google Tag Manager (noscript) -->
    <noscript><iframe title="Google Tag Manager" src="https://www.googletagmanager.com/ns.html?id=GTM-5WLCZXC" height="0" width="0" style="display:none;visibility:hidden"></iframe></noscript>
    <!-- End Google Tag Manager (noscript) -->
    <div id="main"></div>
    <script src='/bundle.js' ></script>
</body>

</html>

2025-07-13 19:06:30.451 [error] Error while getting the latest version for the extension beardedbear.beardedtheme. Unexpected token '<', "<!DOCTYPE "... is not valid JSON:
<!DOCTYPE html>
<html lang="en">

<head>
    <title>Open VSX Registry</title>
    <meta charset="UTF-8">
    <meta name="viewport" content="width=device-width, initial-scale=1">
    <link rel="stylesheet" href="https://fonts.googleapis.com/css?family=Roboto:300,400,500,700&display=swap" />

    <!-- Google Tag Manager -->
    <script>(function(w,d,s,l,i){w[l]=w[l]||[];w[l].push({'gtm.start':
    new Date().getTime(),event:'gtm.js'});var f=d.getElementsByTagName(s)[0],
    j=d.createElement(s),dl=l!='dataLayer'?'&l='+l:'';j.async=true;j.src=
    'https://www.googletagmanager.com/gtm.js?id='+i+dl;f.parentNode.insertBefore(j,f);
    })(window,document,'script','dataLayer','GTM-5WLCZXC');</script>

    <!-- Eclipse Cookie Consent -->
    <link rel="stylesheet" type="text/css"
        href="//www.eclipse.org/eclipse.org-common/themes/solstice/public/stylesheets/vendor/cookieconsent/cookieconsent.min.css" />
    <script
        src="//www.eclipse.org/eclipse.org-common/themes/solstice/public/javascript/vendor/cookieconsent/default.min.js">
    </script>
    <style>
        a.cc-btn.cc-allow {
            background-color: #c160ef;
        }
        a.cc-btn.cc-allow:hover, a.cc-btn.cc-allow:focus {
            background-color: #444;
        }
        .cc-revoke {
            display: none !important;
        }
        @media (prefers-color-scheme: dark) {
          body {
            background-color: #121212;
          }
        }
    </style>
</head>

<body>
    <!-- Google Tag Manager (noscript) -->
    <noscript><iframe title="Google Tag Manager" src="https://www.googletagmanager.com/ns.html?id=GTM-5WLCZXC" height="0" width="0" style="display:none;visibility:hidden"></iframe></noscript>
    <!-- End Google Tag Manager (noscript) -->
    <div id="main"></div>
    <script src='/bundle.js' ></script>
</body>

</html>

2025-07-13 19:06:33.081 [warning] [backup tracker] suspended, ignoring register event vscode-userdata:/home/Raj/.config/Code%20-%20OSS/User/settings.json 
2025-07-13 19:06:33.649 [info] Started local extension host with pid 16460.
2025-07-13 19:06:33.685 [info] ComputeTargetPlatform: linux-x64
2025-07-13 19:06:34.128 [info] ChatSessionStore: Migrating 0 chat sessions from storage service to file system
2025-07-13 19:06:36.374 [info] [perf] Render performance baseline is 26ms
2025-07-13 19:06:36.750 [error] Error while getting the latest version for the extension eww-yuck.yuck. Unexpected token '<', "<!DOCTYPE "... is not valid JSON:
<!DOCTYPE html>
<html lang="en">

<head>
    <title>Open VSX Registry</title>
    <meta charset="UTF-8">
    <meta name="viewport" content="width=device-width, initial-scale=1">
    <link rel="stylesheet" href="https://fonts.googleapis.com/css?family=Roboto:300,400,500,700&display=swap" />

    <!-- Google Tag Manager -->
    <script>(function(w,d,s,l,i){w[l]=w[l]||[];w[l].push({'gtm.start':
    new Date().getTime(),event:'gtm.js'});var f=d.getElementsByTagName(s)[0],
    j=d.createElement(s),dl=l!='dataLayer'?'&l='+l:'';j.async=true;j.src=
    'https://www.googletagmanager.com/gtm.js?id='+i+dl;f.parentNode.insertBefore(j,f);
    })(window,document,'script','dataLayer','GTM-5WLCZXC');</script>

    <!-- Eclipse Cookie Consent -->
    <link rel="stylesheet" type="text/css"
        href="//www.eclipse.org/eclipse.org-common/themes/solstice/public/stylesheets/vendor/cookieconsent/cookieconsent.min.css" />
    <script
        src="//www.eclipse.org/eclipse.org-common/themes/solstice/public/javascript/vendor/cookieconsent/default.min.js">
    </script>
    <style>
        a.cc-btn.cc-allow {
            background-color: #c160ef;
        }
        a.cc-btn.cc-allow:hover, a.cc-btn.cc-allow:focus {
            background-color: #444;
        }
        .cc-revoke {
            display: none !important;
        }
        @media (prefers-color-scheme: dark) {
          body {
            background-color: #121212;
          }
        }
    </style>
</head>

<body>
    <!-- Google Tag Manager (noscript) -->
    <noscript><iframe title="Google Tag Manager" src="https://www.googletagmanager.com/ns.html?id=GTM-5WLCZXC" height="0" width="0" style="display:none;visibility:hidden"></iframe></noscript>
    <!-- End Google Tag Manager (noscript) -->
    <div id="main"></div>
    <script src='/bundle.js' ></script>
</body>

</html>

2025-07-13 19:06:36.912 [error] Error while getting the latest version for the extension castrogusttavo.symbols. Unexpected token '<', "<!DOCTYPE "... is not valid JSON:
<!DOCTYPE html>
<html lang="en">

<head>
    <title>Open VSX Registry</title>
    <meta charset="UTF-8">
    <meta name="viewport" content="width=device-width, initial-scale=1">
    <link rel="stylesheet" href="https://fonts.googleapis.com/css?family=Roboto:300,400,500,700&display=swap" />

    <!-- Google Tag Manager -->
    <script>(function(w,d,s,l,i){w[l]=w[l]||[];w[l].push({'gtm.start':
    new Date().getTime(),event:'gtm.js'});var f=d.getElementsByTagName(s)[0],
    j=d.createElement(s),dl=l!='dataLayer'?'&l='+l:'';j.async=true;j.src=
    'https://www.googletagmanager.com/gtm.js?id='+i+dl;f.parentNode.insertBefore(j,f);
    })(window,document,'script','dataLayer','GTM-5WLCZXC');</script>

    <!-- Eclipse Cookie Consent -->
    <link rel="stylesheet" type="text/css"
        href="//www.eclipse.org/eclipse.org-common/themes/solstice/public/stylesheets/vendor/cookieconsent/cookieconsent.min.css" />
    <script
        src="//www.eclipse.org/eclipse.org-common/themes/solstice/public/javascript/vendor/cookieconsent/default.min.js">
    </script>
    <style>
        a.cc-btn.cc-allow {
            background-color: #c160ef;
        }
        a.cc-btn.cc-allow:hover, a.cc-btn.cc-allow:focus {
            background-color: #444;
        }
        .cc-revoke {
            display: none !important;
        }
        @media (prefers-color-scheme: dark) {
          body {
            background-color: #121212;
          }
        }
    </style>
</head>

<body>
    <!-- Google Tag Manager (noscript) -->
    <noscript><iframe title="Google Tag Manager" src="https://www.googletagmanager.com/ns.html?id=GTM-5WLCZXC" height="0" width="0" style="display:none;visibility:hidden"></iframe></noscript>
    <!-- End Google Tag Manager (noscript) -->
    <div id="main"></div>
    <script src='/bundle.js' ></script>
</body>

</html>

2025-07-13 19:06:37.076 [error] Error while getting the latest version for the extension beardedbear.beardedtheme. Unexpected token '<', "<!DOCTYPE "... is not valid JSON:
<!DOCTYPE html>
<html lang="en">

<head>
    <title>Open VSX Registry</title>
    <meta charset="UTF-8">
    <meta name="viewport" content="width=device-width, initial-scale=1">
    <link rel="stylesheet" href="https://fonts.googleapis.com/css?family=Roboto:300,400,500,700&display=swap" />

    <!-- Google Tag Manager -->
    <script>(function(w,d,s,l,i){w[l]=w[l]||[];w[l].push({'gtm.start':
    new Date().getTime(),event:'gtm.js'});var f=d.getElementsByTagName(s)[0],
    j=d.createElement(s),dl=l!='dataLayer'?'&l='+l:'';j.async=true;j.src=
    'https://www.googletagmanager.com/gtm.js?id='+i+dl;f.parentNode.insertBefore(j,f);
    })(window,document,'script','dataLayer','GTM-5WLCZXC');</script>

    <!-- Eclipse Cookie Consent -->
    <link rel="stylesheet" type="text/css"
        href="//www.eclipse.org/eclipse.org-common/themes/solstice/public/stylesheets/vendor/cookieconsent/cookieconsent.min.css" />
    <script
        src="//www.eclipse.org/eclipse.org-common/themes/solstice/public/javascript/vendor/cookieconsent/default.min.js">
    </script>
    <style>
        a.cc-btn.cc-allow {
            background-color: #c160ef;
        }
        a.cc-btn.cc-allow:hover, a.cc-btn.cc-allow:focus {
            background-color: #444;
        }
        .cc-revoke {
            display: none !important;
        }
        @media (prefers-color-scheme: dark) {
          body {
            background-color: #121212;
          }
        }
    </style>
</head>

<body>
    <!-- Google Tag Manager (noscript) -->
    <noscript><iframe title="Google Tag Manager" src="https://www.googletagmanager.com/ns.html?id=GTM-5WLCZXC" height="0" width="0" style="display:none;visibility:hidden"></iframe></noscript>
    <!-- End Google Tag Manager (noscript) -->
    <div id="main"></div>
    <script src='/bundle.js' ></script>
</body>

</html>

2025-07-13 19:06:50.000 [error] [Extension Host] grep: /usr/bin/groupmems: Permission denied
2025-07-13 19:06:50.051 [error] [Extension Host] grep: /usr/bin/groupmems: Permission denied
2025-07-13 19:06:50.102 [error] [Extension Host] grep: /usr/bin/groupmems: Permission denied
