[INFO 1:41:05 PM] miguelsolorio.symbols activated
[INFO 1:41:05 PM] symbols.hidesExplorerArrows changed, updating to false
[INFO 1:41:05 PM] symbols.folders.associations changed, updating to undefined
[INFO 1:41:05 PM] symbols.files.associations changed, updating to undefined
[INFO 1:41:05 PM] symbols.hidesExplorerArrows changed, updating to false
[INFO 1:41:05 PM] symbols.folders.associations changed, updating to undefined
[INFO 1:41:05 PM] symbols.files.associations changed, updating to undefined
[INFO 1:41:06 PM] symbols.hidesExplorerArrows changed, updating to false
[INFO 1:41:06 PM] symbols.folders.associations changed, updating to undefined
[INFO 1:41:06 PM] symbols.files.associations changed, updating to undefined
[INFO 1:41:19 PM] symbols.hidesExplorerArrows changed, updating to false
[INFO 1:41:19 PM] symbols.folders.associations changed, updating to undefined
[INFO 1:41:19 PM] symbols.files.associations changed, updating to undefined
[INFO 1:41:20 PM] symbols.hidesExplorerArrows changed, updating to false
[INFO 1:41:20 PM] symbols.folders.associations changed, updating to undefined
[INFO 1:41:20 PM] symbols.files.associations changed, updating to undefined
[INFO 1:43:27 PM] symbols.hidesExplorerArrows changed, updating to false
[INFO 1:43:27 PM] symbols.folders.associations changed, updating to undefined
[INFO 1:43:27 PM] symbols.files.associations changed, updating to undefined
[INFO 1:43:27 PM] symbols.hidesExplorerArrows changed, updating to false
[INFO 1:43:27 PM] symbols.folders.associations changed, updating to undefined
[INFO 1:43:27 PM] symbols.files.associations changed, updating to undefined
[INFO 12:45:35 AM] symbols.hidesExplorerArrows changed, updating to false
[INFO 12:45:35 AM] symbols.folders.associations changed, updating to undefined
[INFO 12:45:35 AM] symbols.files.associations changed, updating to undefined
[INFO 12:45:41 AM] symbols.hidesExplorerArrows changed, updating to false
[INFO 12:45:41 AM] symbols.folders.associations changed, updating to undefined
[INFO 12:45:41 AM] symbols.files.associations changed, updating to undefined
[INFO 12:46:16 AM] symbols.hidesExplorerArrows changed, updating to false
[INFO 12:46:16 AM] symbols.folders.associations changed, updating to undefined
[INFO 12:46:16 AM] symbols.files.associations changed, updating to undefined
[INFO 12:50:23 AM] symbols.hidesExplorerArrows changed, updating to false
[INFO 12:50:23 AM] symbols.folders.associations changed, updating to undefined
[INFO 12:50:23 AM] symbols.files.associations changed, updating to undefined
[INFO 12:50:24 AM] symbols.hidesExplorerArrows changed, updating to false
[INFO 12:50:24 AM] symbols.folders.associations changed, updating to undefined
[INFO 12:50:24 AM] symbols.files.associations changed, updating to undefined
[INFO 12:51:08 AM] symbols.hidesExplorerArrows changed, updating to false
[INFO 12:51:08 AM] symbols.folders.associations changed, updating to undefined
[INFO 12:51:08 AM] symbols.files.associations changed, updating to undefined
[INFO 12:51:08 AM] symbols.hidesExplorerArrows changed, updating to false
[INFO 12:51:08 AM] symbols.folders.associations changed, updating to undefined
[INFO 12:51:08 AM] symbols.files.associations changed, updating to undefined
[INFO 12:51:11 AM] symbols.hidesExplorerArrows changed, updating to false
[INFO 12:51:11 AM] symbols.folders.associations changed, updating to undefined
[INFO 12:51:11 AM] symbols.files.associations changed, updating to undefined
[INFO 12:51:48 AM] symbols.hidesExplorerArrows changed, updating to false
[INFO 12:51:48 AM] symbols.folders.associations changed, updating to undefined
[INFO 12:51:48 AM] symbols.files.associations changed, updating to undefined
[INFO 12:51:50 AM] symbols.hidesExplorerArrows changed, updating to false
[INFO 12:51:50 AM] symbols.folders.associations changed, updating to undefined
[INFO 12:51:50 AM] symbols.files.associations changed, updating to undefined
[INFO 12:51:53 AM] symbols.hidesExplorerArrows changed, updating to false
[INFO 12:51:53 AM] symbols.folders.associations changed, updating to undefined
[INFO 12:51:53 AM] symbols.files.associations changed, updating to undefined
[INFO 12:57:41 AM] symbols.hidesExplorerArrows changed, updating to false
[INFO 12:57:41 AM] symbols.folders.associations changed, updating to undefined
[INFO 12:57:41 AM] symbols.files.associations changed, updating to undefined
[INFO 12:58:04 AM] symbols.hidesExplorerArrows changed, updating to false
[INFO 12:58:04 AM] symbols.folders.associations changed, updating to undefined
[INFO 12:58:04 AM] symbols.files.associations changed, updating to undefined
[INFO 12:58:07 AM] symbols.hidesExplorerArrows changed, updating to false
[INFO 12:58:07 AM] symbols.folders.associations changed, updating to undefined
[INFO 12:58:07 AM] symbols.files.associations changed, updating to undefined
[INFO 12:58:10 AM] symbols.hidesExplorerArrows changed, updating to false
[INFO 12:58:10 AM] symbols.folders.associations changed, updating to undefined
[INFO 12:58:10 AM] symbols.files.associations changed, updating to undefined
[INFO 12:58:17 AM] symbols.hidesExplorerArrows changed, updating to false
[INFO 12:58:17 AM] symbols.folders.associations changed, updating to undefined
[INFO 12:58:17 AM] symbols.files.associations changed, updating to undefined
[INFO 12:58:18 AM] symbols.hidesExplorerArrows changed, updating to false
[INFO 12:58:18 AM] symbols.folders.associations changed, updating to undefined
[INFO 12:58:18 AM] symbols.files.associations changed, updating to undefined
