2025-06-29 13:15:24.820 [info] [main] Log level: Info
2025-06-29 13:15:24.820 [info] [main] Validating found git in: "git"
2025-06-29 13:15:24.820 [info] [main] Using git "2.50.0" from "git"
2025-06-29 13:15:24.820 [info] [Model][doInitialScan] Initial repository scan started
2025-06-29 13:15:24.820 [info] > git rev-parse --show-toplevel [18ms]
2025-06-29 13:15:24.820 [info] > git rev-parse --git-dir --git-common-dir [3ms]
2025-06-29 13:15:24.820 [info] [Model][openRepository] Opened repository (path): /home/Raj/Documents/Github/Dotfiles
2025-06-29 13:15:24.820 [info] [Model][openRepository] Opened repository (real path): /home/Raj/Documents/Github/Dotfiles
2025-06-29 13:15:24.820 [info] > git config --get commit.template [9ms]
2025-06-29 13:15:24.820 [info] > git rev-parse --show-toplevel [11ms]
2025-06-29 13:15:24.820 [info] [Model][doInitialScan] Initial repository scan completed - repositories (1), closed repositories (0), parent repositories (0), unsafe repositories (0)
2025-06-29 13:15:24.822 [info] > git for-each-ref --format=%(refname)%00%(upstream:short)%00%(objectname)%00%(upstream:track)%00%(upstream:remotename)%00%(upstream:remoteref) refs/heads/main refs/remotes/main [3ms]
2025-06-29 13:15:24.837 [info] > git status -z -uall [7ms]
2025-06-29 13:15:24.839 [info] > git for-each-ref --sort -committerdate --format %(refname)%00%(objectname)%00%(*objectname) [3ms]
2025-06-29 13:15:24.864 [info] > git for-each-ref --format=%(refname)%00%(upstream:short)%00%(objectname)%00%(upstream:track)%00%(upstream:remotename)%00%(upstream:remoteref) refs/heads/main refs/remotes/main [7ms]
2025-06-29 13:15:25.028 [info] > git config --get --local branch.main.vscode-merge-base [159ms]
2025-06-29 13:15:25.034 [info] > git config --get commit.template [171ms]
2025-06-29 13:15:25.056 [info] > git for-each-ref --format=%(refname)%00%(upstream:short)%00%(objectname)%00%(upstream:track)%00%(upstream:remotename)%00%(upstream:remoteref) refs/heads/origin/main refs/remotes/origin/main [22ms]
2025-06-29 13:15:25.069 [info] > git merge-base refs/heads/main refs/remotes/origin/main [8ms]
2025-06-29 13:15:25.075 [info] > git for-each-ref --format=%(refname)%00%(upstream:short)%00%(objectname)%00%(upstream:track)%00%(upstream:remotename)%00%(upstream:remoteref) refs/heads/main refs/remotes/main [7ms]
2025-06-29 13:15:25.087 [info] > git diff --name-status -z --diff-filter=ADMR 5c8a7d8879e109157904d7a79d496d8ec3421786...refs/remotes/origin/main [14ms]
2025-06-29 13:15:25.110 [info] > git show --textconv :.bashrc [6ms]
2025-06-29 13:15:25.122 [info] > git ls-files --stage -- .bashrc [14ms]
2025-06-29 13:15:25.127 [info] > git status -z -uall [11ms]
2025-06-29 13:15:25.128 [info] > git for-each-ref --sort -committerdate --format %(refname)%00%(objectname)%00%(*objectname) [6ms]
2025-06-29 13:15:25.132 [info] > git cat-file -s b7b8e79fbb8ce9173fa6a98336caefbf9ab5be97 [6ms]
2025-06-29 13:15:25.376 [info] > git check-ignore -v -z --stdin [1ms]
2025-06-29 13:17:40.624 [info] > git check-ignore -v -z --stdin [1ms]
2025-06-29 13:17:41.373 [info] > git check-ignore -v -z --stdin [1ms]
2025-06-29 13:17:44.549 [info] > git for-each-ref --format %(refname)%00%(objectname)%00%(*objectname) refs/tags [6ms]
2025-06-29 13:17:44.557 [info] > git ls-files --stage -- .bashrc [0ms]
2025-06-29 13:17:44.563 [info] > git cat-file -s b7b8e79fbb8ce9173fa6a98336caefbf9ab5be97 [1ms]
2025-06-29 13:17:44.571 [info] > git show --textconv :.bashrc [1ms]
2025-06-29 13:17:44.793 [info] > git show -s --decorate=full --shortstat --format=%H%n%aN%n%aE%n%at%n%ct%n%P%n%D%n%B -z c1ad21799967cafef81b1d96c9765977ace34045 -- [245ms]
2025-06-29 13:17:44.793 [info] warning: unable to access 'wallpapers/.gitattributes': Too many levels of symbolic links
warning: unable to access 'wallpapers/fastfetch/.gitattributes': Too many levels of symbolic links
2025-06-29 13:17:44.806 [info] > git status -z -uall [8ms]
2025-06-29 13:17:44.808 [info] > git for-each-ref --sort -committerdate --format %(refname)%00%(objectname)%00%(*objectname) [3ms]
2025-06-29 13:17:45.144 [info] > git show --textconv HEAD:.bashrc [5ms]
2025-06-29 13:17:45.148 [info] > git ls-tree -l HEAD -- .bashrc [5ms]
2025-06-29 13:17:45.155 [info] > git hash-object -t tree /dev/null [7ms]
2025-06-29 13:17:45.155 [warning] [GitFileSystemProvider][readFile] File not found - git:/home/Raj/Documents/Github/Dotfiles/.bashrc.git?%7B%22path%22%3A%22%2Fhome%2FRaj%2FDocuments%2FGithub%2FDotfiles%2F.bashrc%22%2C%22ref%22%3A%22HEAD%22%7D
2025-06-29 13:17:45.157 [info] > git hash-object -t tree /dev/null [3ms]
2025-06-29 13:17:45.157 [warning] [GitFileSystemProvider][stat] File not found - git:/home/Raj/Documents/Github/Dotfiles/.bashrc.git?%7B%22path%22%3A%22%2Fhome%2FRaj%2FDocuments%2FGithub%2FDotfiles%2F.bashrc%22%2C%22ref%22%3A%22HEAD%22%7D
2025-06-29 13:17:46.242 [info] > git check-ignore -v -z --stdin [1ms]
2025-06-29 13:17:47.683 [info] > git show --textconv :scripts~c1ad217 (Update: Create symbolink)/wallpaper_reload.sh [5ms]
2025-06-29 13:17:47.683 [warning] [GitFileSystemProvider][readFile] File not found - git:/home/Raj/Documents/Github/Dotfiles/scripts~c1ad217%20%28Update%3A%20Create%20symbolink%29/wallpaper_reload.sh.git?%7B%22path%22%3A%22%2Fhome%2FRaj%2FDocuments%2FGithub%2FDotfiles%2Fscripts~c1ad217%20%28Update%3A%20Create%20symbolink%29%2Fwallpaper_reload.sh%22%2C%22ref%22%3A%22%22%7D
2025-06-29 13:17:47.684 [info] > git ls-files --stage -- scripts~c1ad217 (Update: Create symbolink)/wallpaper_reload.sh [2ms]
2025-06-29 13:17:47.684 [warning] [GitFileSystemProvider][stat] File not found - git:/home/Raj/Documents/Github/Dotfiles/scripts~c1ad217%20%28Update%3A%20Create%20symbolink%29/wallpaper_reload.sh.git?%7B%22path%22%3A%22%2Fhome%2FRaj%2FDocuments%2FGithub%2FDotfiles%2Fscripts~c1ad217%20%28Update%3A%20Create%20symbolink%29%2Fwallpaper_reload.sh%22%2C%22ref%22%3A%22%22%7D
2025-06-29 13:17:49.544 [info] > git check-ignore -v -z --stdin [1ms]
2025-06-29 13:17:49.824 [info] > git for-each-ref --format %(refname)%00%(objectname)%00%(*objectname) refs/tags [5ms]
2025-06-29 13:17:50.054 [info] > git show -s --decorate=full --shortstat --format=%H%n%aN%n%aE%n%at%n%ct%n%P%n%D%n%B -z c1ad21799967cafef81b1d96c9765977ace34045 -- [230ms]
2025-06-29 13:17:50.054 [info] warning: unable to access 'wallpapers/.gitattributes': Too many levels of symbolic links
warning: unable to access 'wallpapers/fastfetch/.gitattributes': Too many levels of symbolic links
2025-06-29 13:17:50.062 [info] > git status -z -uall [4ms]
2025-06-29 13:17:50.064 [info] > git for-each-ref --sort -committerdate --format %(refname)%00%(objectname)%00%(*objectname) [2ms]
2025-06-29 13:17:52.489 [info] > git show -s --decorate=full --shortstat --format=%H%n%aN%n%aE%n%at%n%ct%n%P%n%D%n%B -z HEAD -- [8ms]
2025-06-29 13:17:52.490 [info] > git diff --name-status -z --diff-filter=ADMR REBASE_HEAD...HEAD [1ms]
2025-06-29 13:17:52.710 [info] > git show -s --decorate=full --shortstat --format=%H%n%aN%n%aE%n%at%n%ct%n%P%n%D%n%B -z REBASE_HEAD -- [226ms]
2025-06-29 13:17:52.710 [info] warning: unable to access 'wallpapers/.gitattributes': Too many levels of symbolic links
warning: unable to access 'wallpapers/fastfetch/.gitattributes': Too many levels of symbolic links
2025-06-29 13:17:52.793 [info] > git show --textconv :1:scripts/wallpaper_reload.sh [31ms]
2025-06-29 13:17:52.793 [info] > git show --textconv 039b460fbb431e61db3491daa3b5c53f09524f28:scripts/wallpaper_reload.sh [24ms]
2025-06-29 13:17:52.793 [info] > git show --textconv c1ad21799967cafef81b1d96c9765977ace34045:scripts/wallpaper_reload.sh [18ms]
2025-06-29 13:17:52.793 [info] > git ls-tree -l 039b460fbb431e61db3491daa3b5c53f09524f28 -- scripts/wallpaper_reload.sh [7ms]
2025-06-29 13:17:52.794 [info] > git ls-files --stage -- scripts/wallpaper_reload.sh [13ms]
2025-06-29 13:17:52.800 [warning] [GitFileSystemProvider][readFile] File not found - git:/home/Raj/Documents/Github/Dotfiles/scripts/wallpaper_reload.sh?%7B%22path%22%3A%22%2Fhome%2FRaj%2FDocuments%2FGithub%2FDotfiles%2Fscripts%2Fwallpaper_reload.sh%22%2C%22ref%22%3A%22c1ad21799967cafef81b1d96c9765977ace34045%22%7D
2025-06-29 13:17:52.802 [info] > git cat-file -s 7aacbe03b5f859edf648228d9a1cc5c568f9f072 [3ms]
2025-06-29 13:17:52.802 [info] > git ls-tree -l c1ad21799967cafef81b1d96c9765977ace34045 -- scripts/wallpaper_reload.sh [10ms]
2025-06-29 13:17:52.802 [warning] [GitFileSystemProvider][stat] File not found - git:/home/Raj/Documents/Github/Dotfiles/scripts/wallpaper_reload.sh?%7B%22path%22%3A%22%2Fhome%2FRaj%2FDocuments%2FGithub%2FDotfiles%2Fscripts%2Fwallpaper_reload.sh%22%2C%22ref%22%3A%22c1ad21799967cafef81b1d96c9765977ace34045%22%7D
2025-06-29 13:17:54.452 [info] > git show --textconv c1ad21799967cafef81b1d96c9765977ace34045:scripts/wallpaper_reload.sh [5ms]
2025-06-29 13:17:54.452 [warning] [GitFileSystemProvider][readFile] File not found - git:/home/Raj/Documents/Github/Dotfiles/scripts/wallpaper_reload.sh?%7B%22path%22%3A%22%2Fhome%2FRaj%2FDocuments%2FGithub%2FDotfiles%2Fscripts%2Fwallpaper_reload.sh%22%2C%22ref%22%3A%22c1ad21799967cafef81b1d96c9765977ace34045%22%7D
2025-06-29 13:17:54.453 [info] > git ls-tree -l c1ad21799967cafef81b1d96c9765977ace34045 -- scripts/wallpaper_reload.sh [2ms]
2025-06-29 13:17:54.453 [warning] [GitFileSystemProvider][stat] File not found - git:/home/Raj/Documents/Github/Dotfiles/scripts/wallpaper_reload.sh?%7B%22path%22%3A%22%2Fhome%2FRaj%2FDocuments%2FGithub%2FDotfiles%2Fscripts%2Fwallpaper_reload.sh%22%2C%22ref%22%3A%22c1ad21799967cafef81b1d96c9765977ace34045%22%7D
2025-06-29 13:21:00.148 [info] > git config --get commit.template [2ms]
2025-06-29 13:21:00.159 [info] > git ls-files --stage -- scripts/wallpaper_reload.sh [5ms]
2025-06-29 13:21:00.160 [warning] [GitFileSystemProvider][stat] File not found - git:/home/Raj/Documents/Github/Dotfiles/scripts/wallpaper_reload.sh?%7B%22path%22%3A%22%2Fhome%2FRaj%2FDocuments%2FGithub%2FDotfiles%2Fscripts%2Fwallpaper_reload.sh%22%2C%22ref%22%3A%22%3A1%22%7D
2025-06-29 13:21:00.168 [info] > git ls-tree -l 039b460fbb431e61db3491daa3b5c53f09524f28 -- scripts/wallpaper_reload.sh [10ms]
2025-06-29 13:21:00.169 [info] > git for-each-ref --format %(refname)%00%(objectname)%00%(*objectname) refs/tags [4ms]
2025-06-29 13:21:00.176 [info] > git show --textconv 039b460fbb431e61db3491daa3b5c53f09524f28:scripts/wallpaper_reload.sh [2ms]
2025-06-29 13:21:00.397 [info] > git show -s --decorate=full --shortstat --format=%H%n%aN%n%aE%n%at%n%ct%n%P%n%D%n%B -z c1ad21799967cafef81b1d96c9765977ace34045 -- [229ms]
2025-06-29 13:21:00.397 [info] warning: unable to access 'wallpapers/.gitattributes': Too many levels of symbolic links
warning: unable to access 'wallpapers/fastfetch/.gitattributes': Too many levels of symbolic links
2025-06-29 13:21:00.407 [info] > git status -z -uall [6ms]
2025-06-29 13:21:00.408 [info] > git for-each-ref --sort -committerdate --format %(refname)%00%(objectname)%00%(*objectname) [2ms]
