2025-07-20 13:41:04.446 [info] ComputeTargetPlatform: linux-x64
2025-07-20 13:41:06.418 [info] ComputeTargetPlatform: linux-x64
2025-07-21 01:01:15.630 [info] Getting Manifest... theqtcompany.qt-qml
2025-07-21 01:01:17.096 [info] Installing extension: theqtcompany.qt-qml {"isMachineScoped":false,"installPreReleaseVersion":false,"pinned":false,"profileLocation":{"$mid":1,"external":"vscode-userdata:/home/Raj/.vscode-oss/extensions/extensions.json","path":"/home/Raj/.vscode-oss/extensions/extensions.json","scheme":"vscode-userdata"},"isApplicationScoped":false,"productVersion":{"version":"1.101.1","date":"2025-06-19T19:24:29.670Z"}}
2025-07-21 01:01:17.504 [info] Getting Manifest... theqtcompany.qt-core
2025-07-21 01:01:17.922 [info] Installing extension: theqtcompany.qt-core {"isMachineScoped":false,"installPreReleaseVersion":false,"pinned":false,"profileLocation":{"$mid":1,"external":"vscode-userdata:/home/Raj/.vscode-oss/extensions/extensions.json","path":"/home/Raj/.vscode-oss/extensions/extensions.json","scheme":"vscode-userdata"},"isApplicationScoped":false,"productVersion":{"version":"1.101.1","date":"2025-06-19T19:24:29.670Z"},"installGivenVersion":false,"context":{"dependecyOrPackExtensionInstall":true}}
2025-07-21 01:01:19.790 [info] Extension signature verification result for theqtcompany.qt-qml: UnhandledException. Internal Code: 6. Executed: true. Duration: 295ms.
2025-07-21 01:01:19.793 [error] Error while installing the extension theqtcompany.qt-qml Signature verification failed with 'UnhandledException' error. vscode-userdata:/home/Raj/.vscode-oss/extensions/extensions.json
2025-07-21 01:01:19.795 [error] [uncaught exception in sharedProcess]: Signature verification failed with 'UnhandledException' error.: SignatureVerificationInternal: Signature verification failed with 'UnhandledException' error.
    at $h.Bb (file:///usr/lib/code/out/vs/code/electron-utility/sharedProcess/sharedProcessMain.js:74:64839)
    at async $h.Ab (file:///usr/lib/code/out/vs/code/electron-utility/sharedProcess/sharedProcessMain.js:74:63310)
2025-07-21 01:01:23.821 [info] Extension signature verification result for theqtcompany.qt-core: UnhandledException. Internal Code: 6. Executed: true. Duration: 249ms.
2025-07-21 01:01:23.823 [error] Error while installing the extension theqtcompany.qt-core Signature verification failed with 'UnhandledException' error. vscode-userdata:/home/Raj/.vscode-oss/extensions/extensions.json
2025-07-21 01:01:23.824 [error] [uncaught exception in sharedProcess]: Signature verification failed with 'UnhandledException' error.: SignatureVerificationInternal: Signature verification failed with 'UnhandledException' error.
    at $h.Bb (file:///usr/lib/code/out/vs/code/electron-utility/sharedProcess/sharedProcessMain.js:74:64839)
    at async $h.Ab (file:///usr/lib/code/out/vs/code/electron-utility/sharedProcess/sharedProcessMain.js:74:63310)
2025-07-21 01:01:26.468 [info] Getting Manifest... theqtcompany.qt-qml
2025-07-21 01:01:26.858 [info] Installing extension: theqtcompany.qt-qml {"isMachineScoped":false,"installPreReleaseVersion":false,"pinned":false,"donotVerifySignature":true,"profileLocation":{"$mid":1,"external":"vscode-userdata:/home/Raj/.vscode-oss/extensions/extensions.json","path":"/home/Raj/.vscode-oss/extensions/extensions.json","scheme":"vscode-userdata"},"isApplicationScoped":false,"productVersion":{"version":"1.101.1","date":"2025-06-19T19:24:29.670Z"}}
2025-07-21 01:01:27.277 [info] Getting Manifest... theqtcompany.qt-core
2025-07-21 01:01:27.667 [info] Installing extension: theqtcompany.qt-core {"isMachineScoped":false,"installPreReleaseVersion":false,"pinned":false,"donotVerifySignature":true,"profileLocation":{"$mid":1,"external":"vscode-userdata:/home/Raj/.vscode-oss/extensions/extensions.json","path":"/home/Raj/.vscode-oss/extensions/extensions.json","scheme":"vscode-userdata"},"isApplicationScoped":false,"productVersion":{"version":"1.101.1","date":"2025-06-19T19:24:29.670Z"},"installGivenVersion":false,"context":{"dependecyOrPackExtensionInstall":true}}
2025-07-21 01:01:28.175 [info] Extracted extension to file:///home/Raj/.vscode-oss/extensions/theqtcompany.qt-qml-1.6.0-universal: theqtcompany.qt-qml
2025-07-21 01:01:28.180 [info] Renamed to /home/Raj/.vscode-oss/extensions/theqtcompany.qt-qml-1.6.0-universal
2025-07-21 01:01:32.960 [info] Extracted extension to file:///home/Raj/.vscode-oss/extensions/theqtcompany.qt-core-1.6.0-universal: theqtcompany.qt-core
2025-07-21 01:01:32.965 [info] Renamed to /home/Raj/.vscode-oss/extensions/theqtcompany.qt-core-1.6.0-universal
2025-07-21 01:01:32.980 [info] Extension installed successfully: theqtcompany.qt-qml vscode-userdata:/home/Raj/.vscode-oss/extensions/extensions.json
2025-07-21 01:01:32.980 [info] Extension installed successfully: theqtcompany.qt-core vscode-userdata:/home/Raj/.vscode-oss/extensions/extensions.json
2025-07-21 01:02:08.026 [info] Uninstalling extension from the profile: theqtcompany.qt-qml@1.6.0 vscode-userdata:/home/Raj/.vscode-oss/extensions/extensions.json
2025-07-21 01:02:08.106 [info] Marked extension as removed theqtcompany.qt-qml-1.6.0-universal
2025-07-21 01:02:08.482 [info] Successfully uninstalled extension from the profile theqtcompany.qt-qml@1.6.0 vscode-userdata:/home/Raj/.vscode-oss/extensions/extensions.json
