2025-07-18 16:31:06.562 [info] [main] Log level: Info
2025-07-18 16:31:06.562 [info] [main] Validating found git in: "git"
2025-07-18 16:31:06.562 [info] [main] Using git "2.50.0" from "git"
2025-07-18 16:31:06.562 [info] [Model][doInitialScan] Initial repository scan started
2025-07-18 16:31:06.562 [info] > git rev-parse --show-toplevel [18ms]
2025-07-18 16:31:06.562 [info] fatal: not a git repository (or any of the parent directories): .git
2025-07-18 16:31:06.562 [info] > git rev-parse --show-toplevel [4ms]
2025-07-18 16:31:06.562 [info] fatal: not a git repository (or any of the parent directories): .git
2025-07-18 16:31:06.562 [info] > git rev-parse --show-toplevel [1ms]
2025-07-18 16:31:06.562 [info] fatal: not a git repository (or any of the parent directories): .git
2025-07-18 16:31:06.562 [info] > git rev-parse --show-toplevel [2ms]
2025-07-18 16:31:06.562 [info] fatal: not a git repository (or any of the parent directories): .git
2025-07-18 16:31:06.562 [info] > git rev-parse --show-toplevel [5ms]
2025-07-18 16:31:06.562 [info] fatal: not a git repository (or any of the parent directories): .git
2025-07-18 16:31:06.562 [info] > git rev-parse --show-toplevel [2ms]
2025-07-18 16:31:06.562 [info] fatal: not a git repository (or any of the parent directories): .git
2025-07-18 16:31:06.562 [info] > git rev-parse --show-toplevel [0ms]
2025-07-18 16:31:06.562 [info] fatal: not a git repository (or any of the parent directories): .git
2025-07-18 16:31:06.562 [info] > git rev-parse --show-toplevel [1ms]
2025-07-18 16:31:06.562 [info] fatal: not a git repository (or any of the parent directories): .git
2025-07-18 16:31:06.562 [info] > git rev-parse --show-toplevel [1ms]
2025-07-18 16:31:06.562 [info] fatal: not a git repository (or any of the parent directories): .git
2025-07-18 16:31:06.562 [info] > git rev-parse --show-toplevel [2ms]
2025-07-18 16:31:06.562 [info] fatal: not a git repository (or any of the parent directories): .git
2025-07-18 16:31:06.574 [info] > git rev-parse --show-toplevel [8ms]
2025-07-18 16:31:06.574 [info] fatal: not a git repository (or any of the parent directories): .git
2025-07-18 16:31:06.605 [info] > git rev-parse --show-toplevel [25ms]
2025-07-18 16:31:06.605 [info] fatal: not a git repository (or any of the parent directories): .git
2025-07-18 16:31:06.695 [info] > git rev-parse --show-toplevel [43ms]
2025-07-18 16:31:06.695 [info] fatal: not a git repository (or any of the parent directories): .git
2025-07-18 16:31:06.710 [info] > git rev-parse --show-toplevel [6ms]
2025-07-18 16:31:06.710 [info] fatal: not a git repository (or any of the parent directories): .git
2025-07-18 16:31:06.719 [info] > git rev-parse --show-toplevel [4ms]
2025-07-18 16:31:06.719 [info] fatal: not a git repository (or any of the parent directories): .git
2025-07-18 16:31:06.729 [info] > git rev-parse --show-toplevel [1ms]
2025-07-18 16:31:06.729 [info] fatal: not a git repository (or any of the parent directories): .git
2025-07-18 16:31:06.739 [info] > git rev-parse --show-toplevel [3ms]
2025-07-18 16:31:06.739 [info] fatal: not a git repository (or any of the parent directories): .git
2025-07-18 16:31:06.746 [info] > git rev-parse --show-toplevel [1ms]
2025-07-18 16:31:06.747 [info] fatal: not a git repository (or any of the parent directories): .git
2025-07-18 16:31:06.757 [info] > git rev-parse --show-toplevel [1ms]
2025-07-18 16:31:06.757 [info] fatal: not a git repository (or any of the parent directories): .git
2025-07-18 16:31:06.777 [info] > git rev-parse --show-toplevel [10ms]
2025-07-18 16:31:06.777 [info] fatal: not a git repository (or any of the parent directories): .git
2025-07-18 16:31:06.789 [info] > git rev-parse --show-toplevel [2ms]
2025-07-18 16:31:06.789 [info] fatal: not a git repository (or any of the parent directories): .git
2025-07-18 16:31:06.799 [info] > git rev-parse --show-toplevel [1ms]
2025-07-18 16:31:06.799 [info] fatal: not a git repository (or any of the parent directories): .git
2025-07-18 16:31:06.806 [info] > git rev-parse --show-toplevel [1ms]
2025-07-18 16:31:06.806 [info] fatal: not a git repository (or any of the parent directories): .git
2025-07-18 16:31:06.814 [info] > git rev-parse --show-toplevel [2ms]
2025-07-18 16:31:06.814 [info] fatal: not a git repository (or any of the parent directories): .git
2025-07-18 16:31:06.844 [info] > git rev-parse --show-toplevel [22ms]
2025-07-18 16:31:06.844 [info] fatal: not a git repository (or any of the parent directories): .git
2025-07-18 16:31:06.863 [info] > git rev-parse --show-toplevel [4ms]
2025-07-18 16:31:06.863 [info] fatal: not a git repository (or any of the parent directories): .git
2025-07-18 16:31:06.874 [info] > git rev-parse --show-toplevel [3ms]
2025-07-18 16:31:06.874 [info] fatal: not a git repository (or any of the parent directories): .git
2025-07-18 16:31:06.882 [info] > git rev-parse --show-toplevel [1ms]
2025-07-18 16:31:06.882 [info] fatal: not a git repository (or any of the parent directories): .git
2025-07-18 16:31:06.890 [info] > git rev-parse --show-toplevel [2ms]
2025-07-18 16:31:06.890 [info] fatal: not a git repository (or any of the parent directories): .git
2025-07-18 16:31:06.897 [info] > git rev-parse --show-toplevel [2ms]
2025-07-18 16:31:06.897 [info] fatal: not a git repository (or any of the parent directories): .git
2025-07-18 16:31:06.897 [info] [Model][doInitialScan] Initial repository scan completed - repositories (0), closed repositories (0), parent repositories (0), unsafe repositories (0)
2025-07-18 16:31:06.905 [info] > git rev-parse --show-toplevel [1ms]
2025-07-18 16:31:06.905 [info] fatal: not a git repository (or any of the parent directories): .git
2025-07-18 16:31:33.665 [info] > git rev-parse --show-toplevel [2ms]
2025-07-18 16:31:33.665 [info] fatal: not a git repository (or any of the parent directories): .git
2025-07-18 16:31:34.463 [info] > git rev-parse --show-toplevel [2ms]
2025-07-18 16:31:34.463 [info] fatal: not a git repository (or any of the parent directories): .git
2025-07-18 16:31:38.088 [info] > git rev-parse --show-toplevel [1ms]
2025-07-18 16:31:38.088 [info] fatal: not a git repository (or any of the parent directories): .git
2025-07-18 16:31:39.822 [info] > git rev-parse --show-toplevel [2ms]
2025-07-18 16:31:39.822 [info] fatal: not a git repository (or any of the parent directories): .git
2025-07-18 16:31:43.671 [info] > git rev-parse --show-toplevel [2ms]
2025-07-18 16:31:43.671 [info] fatal: not a git repository (or any of the parent directories): .git
2025-07-18 16:31:44.924 [info] > git rev-parse --show-toplevel [2ms]
2025-07-18 16:31:44.924 [info] fatal: not a git repository (or any of the parent directories): .git
2025-07-18 16:31:45.787 [info] > git rev-parse --show-toplevel [1ms]
2025-07-18 16:31:45.787 [info] fatal: not a git repository (or any of the parent directories): .git
2025-07-18 16:36:38.524 [info] > git rev-parse --show-toplevel [1ms]
2025-07-18 16:36:38.524 [info] fatal: not a git repository (or any of the parent directories): .git
