2025-06-29 13:13:03.776 [info] [main] Log level: Info
2025-06-29 13:13:03.776 [info] [main] Validating found git in: "git"
2025-06-29 13:13:03.776 [info] [main] Using git "2.50.0" from "git"
2025-06-29 13:13:03.776 [info] [Model][doInitialScan] Initial repository scan started
2025-06-29 13:13:03.776 [info] > git rev-parse --show-toplevel [8ms]
2025-06-29 13:13:03.776 [info] > git rev-parse --git-dir --git-common-dir [2ms]
2025-06-29 13:13:03.776 [info] [Model][openRepository] Opened repository (path): /home/Raj/Documents/Github/Dotfiles
2025-06-29 13:13:03.776 [info] [Model][openRepository] Opened repository (real path): /home/Raj/Documents/Github/Dotfiles
2025-06-29 13:13:03.776 [info] > git rev-parse --show-toplevel [4ms]
2025-06-29 13:13:03.776 [info] [Model][doInitialScan] Initial repository scan completed - repositories (1), closed repositories (0), parent repositories (0), unsafe repositories (0)
2025-06-29 13:13:03.776 [info] > git config --get commit.template [8ms]
2025-06-29 13:13:03.776 [info] > git for-each-ref --format=%(refname)%00%(upstream:short)%00%(objectname)%00%(upstream:track)%00%(upstream:remotename)%00%(upstream:remoteref) refs/heads/main refs/remotes/main [2ms]
2025-06-29 13:13:03.789 [info] > git status -z -uall [7ms]
2025-06-29 13:13:03.812 [info] > git for-each-ref --sort -committerdate --format %(refname)%00%(objectname)%00%(*objectname) [24ms]
2025-06-29 13:13:03.842 [info] > git for-each-ref --format=%(refname)%00%(upstream:short)%00%(objectname)%00%(upstream:track)%00%(upstream:remotename)%00%(upstream:remoteref) refs/heads/main refs/remotes/main [11ms]
2025-06-29 13:13:03.850 [info] > git config --get --local branch.main.vscode-merge-base [3ms]
2025-06-29 13:13:03.850 [warning] [Git][config] git config failed: Failed to execute git
2025-06-29 13:13:03.854 [info] > git config --get commit.template [13ms]
2025-06-29 13:13:03.860 [info] > git reflog main --grep-reflog=branch: Created from *. [6ms]
2025-06-29 13:13:03.860 [info] warning: refname 'main' is ambiguous.
2025-06-29 13:13:03.865 [info] > git for-each-ref --format=%(refname)%00%(upstream:short)%00%(objectname)%00%(upstream:track)%00%(upstream:remotename)%00%(upstream:remoteref) refs/heads/main refs/remotes/main [6ms]
2025-06-29 13:13:03.866 [info] > git symbolic-ref --short refs/remotes/origin/HEAD [1ms]
2025-06-29 13:13:03.877 [info] > git status -z -uall [4ms]
2025-06-29 13:13:03.878 [info] > git for-each-ref --format=%(refname)%00%(upstream:short)%00%(objectname)%00%(upstream:track)%00%(upstream:remotename)%00%(upstream:remoteref) refs/heads/origin/main refs/remotes/origin/main [9ms]
2025-06-29 13:13:03.883 [info] > git for-each-ref --sort -committerdate --format %(refname)%00%(objectname)%00%(*objectname) [6ms]
2025-06-29 13:13:03.891 [info] > git for-each-ref --format=%(refname)%00%(upstream:short)%00%(objectname)%00%(upstream:track)%00%(upstream:remotename)%00%(upstream:remoteref) refs/heads/main refs/remotes/main [2ms]
2025-06-29 13:13:03.891 [info] > git config --add --local branch.main.vscode-merge-base origin/main [9ms]
2025-06-29 13:13:03.901 [info] > git config --get --local branch.main.vscode-merge-base [5ms]
2025-06-29 13:13:03.906 [info] > git config --get commit.template [6ms]
2025-06-29 13:13:03.906 [info] > git for-each-ref --format=%(refname)%00%(upstream:short)%00%(objectname)%00%(upstream:track)%00%(upstream:remotename)%00%(upstream:remoteref) refs/heads/origin/main refs/remotes/origin/main [1ms]
2025-06-29 13:13:03.939 [info] > git merge-base refs/heads/main refs/remotes/origin/main [28ms]
2025-06-29 13:13:03.946 [info] > git diff --name-status -z --diff-filter=ADMR 5c8a7d8879e109157904d7a79d496d8ec3421786...refs/remotes/origin/main [3ms]
2025-06-29 13:13:03.947 [info] > git for-each-ref --format=%(refname)%00%(upstream:short)%00%(objectname)%00%(upstream:track)%00%(upstream:remotename)%00%(upstream:remoteref) refs/heads/main refs/remotes/main [9ms]
2025-06-29 13:13:03.960 [info] > git status -z -uall [6ms]
2025-06-29 13:13:03.961 [info] > git for-each-ref --sort -committerdate --format %(refname)%00%(objectname)%00%(*objectname) [2ms]
2025-06-29 13:13:04.270 [info] > git check-ignore -v -z --stdin [2ms]
2025-06-29 13:13:05.651 [info] > git config --get commit.template [8ms]
2025-06-29 13:13:05.651 [info] > git for-each-ref --format=%(refname)%00%(upstream:short)%00%(objectname)%00%(upstream:track)%00%(upstream:remotename)%00%(upstream:remoteref) refs/heads/main refs/remotes/main [1ms]
2025-06-29 13:13:05.662 [info] > git status -z -uall [6ms]
2025-06-29 13:13:05.663 [info] > git for-each-ref --sort -committerdate --format %(refname)%00%(objectname)%00%(*objectname) [2ms]
2025-06-29 13:13:09.235 [info] > git show --textconv :.bashrc [7ms]
2025-06-29 13:13:09.236 [info] > git ls-files --stage -- .bashrc [2ms]
2025-06-29 13:13:09.242 [info] > git cat-file -s b7b8e79fbb8ce9173fa6a98336caefbf9ab5be97 [1ms]
