2025-06-29 21:25:01.087 [info] [main] Log level: Info
2025-06-29 21:25:01.087 [info] [main] Validating found git in: "git"
2025-06-29 21:25:01.087 [info] [main] Using git "2.50.0" from "git"
2025-06-29 21:25:01.087 [info] [Model][doInitialScan] Initial repository scan started
2025-06-29 21:25:01.087 [info] > git rev-parse --show-toplevel [7ms]
2025-06-29 21:25:01.087 [info] > git rev-parse --show-toplevel [1ms]
2025-06-29 21:25:01.087 [info] > git rev-parse --show-toplevel [1ms]
2025-06-29 21:25:01.087 [info] > git rev-parse --show-toplevel [1ms]
2025-06-29 21:25:01.087 [info] > git rev-parse --show-toplevel [1ms]
2025-06-29 21:25:01.087 [info] > git rev-parse --show-toplevel [1ms]
2025-06-29 21:25:01.087 [info] > git rev-parse --show-toplevel [1ms]
2025-06-29 21:25:01.087 [info] > git rev-parse --show-toplevel [1ms]
2025-06-29 21:25:01.087 [info] > git rev-parse --show-toplevel [1ms]
2025-06-29 21:25:01.087 [info] > git rev-parse --show-toplevel [1ms]
2025-06-29 21:25:01.087 [info] > git rev-parse --show-toplevel [1ms]
2025-06-29 21:25:01.087 [info] > git rev-parse --show-toplevel [1ms]
2025-06-29 21:25:01.087 [info] > git rev-parse --show-toplevel [1ms]
2025-06-29 21:25:01.087 [info] > git rev-parse --show-toplevel [1ms]
2025-06-29 21:25:01.088 [info] > git rev-parse --show-toplevel [7ms]
2025-06-29 21:25:01.118 [info] > git rev-parse --show-toplevel [4ms]
2025-06-29 21:25:01.125 [info] > git rev-parse --show-toplevel [2ms]
2025-06-29 21:25:01.130 [info] > git rev-parse --show-toplevel [1ms]
2025-06-29 21:25:01.131 [info] [Model][doInitialScan] Initial repository scan completed - repositories (0), closed repositories (0), parent repositories (1), unsafe repositories (0)
2025-06-29 21:25:02.458 [info] > git rev-parse --show-toplevel [3ms]
2025-06-29 21:25:06.387 [info] > git rev-parse --show-toplevel [1ms]
2025-06-29 21:25:13.229 [info] > git rev-parse --show-toplevel [1ms]
2025-06-29 21:25:16.960 [info] > git rev-parse --show-toplevel [2ms]
2025-06-29 21:25:27.917 [info] > git rev-parse --show-toplevel [2ms]
2025-06-29 21:25:43.270 [info] > git rev-parse --show-toplevel [6ms]
2025-06-29 21:26:10.705 [info] > git rev-parse --show-toplevel [2ms]
