2025-06-29 13:15:24.417 [info] Extension host with pid 122219 started
2025-06-29 13:15:24.417 [info] Skipping acquiring lock for /home/Raj/.config/Code - OSS/User/workspaceStorage/5a3259a1bc0a49d57d10a6bdc299ae50.
2025-06-29 13:15:24.556 [info] ExtensionService#_doActivateExtension vscode.emmet, startup: false, activationEvent: 'onLanguage'
2025-06-29 13:15:24.607 [info] ExtensionService#_doActivateExtension vscode.git-base, startup: true, activationEvent: '*', root cause: vscode.git
2025-06-29 13:15:24.615 [info] ExtensionService#_doActivateExtension vscode.git, startup: true, activationEvent: '*'
2025-06-29 13:15:24.676 [info] ExtensionService#_doActivateExtension vscode.github, startup: true, activationEvent: '*'
2025-06-29 13:15:24.812 [info] Eager extensions activated
2025-06-29 13:15:24.871 [info] ExtensionService#_doActivateExtension vscode.debug-auto-launch, startup: false, activationEvent: 'onStartupFinished'
2025-06-29 13:15:24.874 [info] ExtensionService#_doActivateExtension vscode.merge-conflict, startup: false, activationEvent: 'onStartupFinished'
2025-06-29 13:15:24.895 [info] ExtensionService#_doActivateExtension vscode.configuration-editing, startup: false, activationEvent: 'onLanguage:jsonc'
2025-06-29 13:15:24.903 [info] ExtensionService#_doActivateExtension vscode.json-language-features, startup: false, activationEvent: 'onLanguage:jsonc'
2025-06-29 13:15:24.976 [info] ExtensionService#_doActivateExtension vscode.typescript-language-features, startup: false, activationEvent: 'onLanguage:jsonc'
2025-06-29 13:15:25.137 [info] ExtensionService#_doActivateExtension vscode.github-authentication, startup: false, activationEvent: 'onAuthenticationRequest:github'
2025-06-29 13:17:46.243 [error] Error: Git error
	at ChildProcess.<anonymous> (/usr/lib/code/extensions/git/dist/main.js:2:604689)
	at ChildProcess.emit (node:events:530:35)
	at ChildProcess._handle.onexit (node:internal/child_process:293:12)
2025-06-29 13:17:47.244 [error] Error: Git error
	at ChildProcess.<anonymous> (/usr/lib/code/extensions/git/dist/main.js:2:604689)
	at ChildProcess.emit (node:events:530:35)
	at ChildProcess._handle.onexit (node:internal/child_process:293:12)
2025-06-29 13:21:01.115 [info] Extension host terminating: renderer closed the MessagePort
2025-06-29 13:21:01.126 [info] Extension host with pid 122219 exiting with code 0
